{"/home/runner/work/oms_national_food_control/oms_national_food_control/apps/api/src/app.ts": {"path":"/home/runner/work/oms_national_food_control/oms_national_food_control/apps/api/src/app.ts","statementMap":{"0":{"start":{"line":1,"column":0},"end":{"line":1,"column":30}},"1":{"start":{"line":2,"column":0},"end":{"line":2,"column":24}},"2":{"start":{"line":3,"column":0},"end":{"line":3,"column":28}},"3":{"start":{"line":4,"column":0},"end":{"line":4,"column":28}},"4":{"start":{"line":5,"column":0},"end":{"line":5,"column":43}},"5":{"start":{"line":6,"column":0},"end":{"line":6,"column":41}},"6":{"start":{"line":7,"column":0},"end":{"line":7,"column":43}},"7":{"start":{"line":8,"column":0},"end":{"line":8,"column":38}},"8":{"start":{"line":9,"column":0},"end":{"line":9,"column":52}},"9":{"start":{"line":10,"column":0},"end":{"line":10,"column":61}},"10":{"start":{"line":11,"column":0},"end":{"line":11,"column":79}},"11":{"start":{"line":12,"column":0},"end":{"line":12,"column":76}},"12":{"start":{"line":13,"column":0},"end":{"line":13,"column":67}},"13":{"start":{"line":14,"column":0},"end":{"line":14,"column":79}},"14":{"start":{"line":15,"column":0},"end":{"line":15,"column":55}},"15":{"start":{"line":17,"column":12},"end":{"line":17,"column":21}},"16":{"start":{"line":20,"column":0},"end":{"line":20,"column":18}},"17":{"start":{"line":21,"column":0},"end":{"line":21,"column":74}},"18":{"start":{"line":22,"column":0},"end":{"line":22,"column":28}},"19":{"start":{"line":25,"column":16},"end":{"line":29,"column":2}},"20":{"start":{"line":30,"column":0},"end":{"line":30,"column":17}},"21":{"start":{"line":33,"column":0},"end":{"line":33,"column":41}},"22":{"start":{"line":34,"column":0},"end":{"line":34,"column":48}},"23":{"start":{"line":37,"column":23},"end":{"line":52,"column":2}},"24":{"start":{"line":54,"column":20},"end":{"line":54,"column":48}},"25":{"start":{"line":55,"column":0},"end":{"line":55,"column":68}},"26":{"start":{"line":58,"column":0},"end":{"line":58,"column":36}},"27":{"start":{"line":59,"column":0},"end":{"line":59,"column":42}},"28":{"start":{"line":60,"column":0},"end":{"line":60,"column":54}},"29":{"start":{"line":61,"column":0},"end":{"line":61,"column":52}},"30":{"start":{"line":62,"column":0},"end":{"line":62,"column":46}},"31":{"start":{"line":63,"column":0},"end":{"line":63,"column":54}},"32":{"start":{"line":64,"column":0},"end":{"line":64,"column":38}},"33":{"start":{"line":67,"column":0},"end":{"line":69,"column":3}},"34":{"start":{"line":68,"column":2},"end":{"line":68,"column":96}},"35":{"start":{"line":72,"column":0},"end":{"line":74,"column":3}},"36":{"start":{"line":73,"column":2},"end":{"line":73,"column":100}},"37":{"start":{"line":77,"column":0},"end":{"line":82,"column":3}},"38":{"start":{"line":78,"column":21},"end":{"line":78,"column":42}},"39":{"start":{"line":79,"column":15},"end":{"line":79,"column":43}},"40":{"start":{"line":80,"column":2},"end":{"line":80,"column":79}},"41":{"start":{"line":81,"column":2},"end":{"line":81,"column":76}},"42":{"start":{"line":84,"column":13},"end":{"line":84,"column":49}},"43":{"start":{"line":85,"column":0},"end":{"line":88,"column":3}},"44":{"start":{"line":86,"column":2},"end":{"line":86,"column":49}},"45":{"start":{"line":87,"column":2},"end":{"line":87,"column":65}},"46":{"start":{"line":90,"column":0},"end":{"line":90,"column":19}}},"fnMap":{"0":{"name":"(anonymous_1)","decl":{"start":{"line":67,"column":19},"end":{"line":67,"column":20}},"loc":{"start":{"line":67,"column":33},"end":{"line":69,"column":1}}},"1":{"name":"(anonymous_2)","decl":{"start":{"line":72,"column":8},"end":{"line":72,"column":9}},"loc":{"start":{"line":72,"column":21},"end":{"line":74,"column":1}}},"2":{"name":"(anonymous_3)","decl":{"start":{"line":77,"column":8},"end":{"line":77,"column":9}},"loc":{"start":{"line":77,"column":138},"end":{"line":82,"column":1}}},"3":{"name":"(anonymous_4)","decl":{"start":{"line":85,"column":17},"end":{"line":85,"column":20}},"loc":{"start":{"line":85,"column":22},"end":{"line":88,"column":1}}}},"branchMap":{"0":{"loc":{"start":{"line":21,"column":23},"end":{"line":21,"column":69}},"type":"binary-expr","locations":[{"start":{"line":21,"column":23},"end":{"line":21,"column":62}},{"start":{"line":21,"column":66},"end":{"line":21,"column":69}}]},"1":{"loc":{"start":{"line":78,"column":21},"end":{"line":78,"column":42}},"type":"binary-expr","locations":[{"start":{"line":78,"column":21},"end":{"line":78,"column":35}},{"start":{"line":78,"column":39},"end":{"line":78,"column":42}}]},"2":{"loc":{"start":{"line":79,"column":15},"end":{"line":79,"column":43}},"type":"binary-expr","locations":[{"start":{"line":79,"column":15},"end":{"line":79,"column":23}},{"start":{"line":79,"column":27},"end":{"line":79,"column":43}}]},"3":{"loc":{"start":{"line":84,"column":22},"end":{"line":84,"column":48}},"type":"binary-expr","locations":[{"start":{"line":84,"column":22},"end":{"line":84,"column":38}},{"start":{"line":84,"column":42},"end":{"line":84,"column":48}}]}},"s":{"0":0,"1":0,"2":0,"3":0,"4":0,"5":0,"6":0,"7":0,"8":0,"9":0,"10":0,"11":0,"12":0,"13":0,"14":0,"15":0,"16":0,"17":0,"18":0,"19":0,"20":0,"21":0,"22":0,"23":0,"24":0,"25":0,"26":0,"27":0,"28":0,"29":0,"30":0,"31":0,"32":0,"33":0,"34":0,"35":0,"36":0,"37":0,"38":0,"39":0,"40":0,"41":0,"42":0,"43":0,"44":0,"45":0,"46":0},"f":{"0":0,"1":0,"2":0,"3":0},"b":{"0":[0,0],"1":[0,0],"2":[0,0],"3":[0,0]}}
,"/home/runner/work/oms_national_food_control/oms_national_food_control/apps/api/src/lib/logger.ts": {"path":"/home/runner/work/oms_national_food_control/oms_national_food_control/apps/api/src/lib/logger.ts","statementMap":{"0":{"start":{"line":1,"column":0},"end":{"line":1,"column":30}},"1":{"start":{"line":4,"column":13},"end":{"line":19,"column":3}}},"fnMap":{},"branchMap":{"0":{"loc":{"start":{"line":5,"column":9},"end":{"line":5,"column":65}},"type":"cond-expr","locations":[{"start":{"line":5,"column":49},"end":{"line":5,"column":55}},{"start":{"line":5,"column":58},"end":{"line":5,"column":65}}]}},"s":{"0":0,"1":0},"f":{},"b":{"0":[0,0]}}
,"/home/runner/work/oms_national_food_control/oms_national_food_control/apps/api/src/lib/prisma.ts": {"path":"/home/runner/work/oms_national_food_control/oms_national_food_control/apps/api/src/lib/prisma.ts","statementMap":{"0":{"start":{"line":1,"column":0},"end":{"line":1,"column":46}},"1":{"start":{"line":4,"column":24},"end":{"line":4,"column":73}},"2":{"start":{"line":6,"column":13},"end":{"line":10,"column":5}},"3":{"start":{"line":12,"column":0},"end":{"line":12,"column":75}},"4":{"start":{"line":12,"column":43},"end":{"line":12,"column":75}}},"fnMap":{},"branchMap":{"0":{"loc":{"start":{"line":7,"column":2},"end":{"line":10,"column":4}},"type":"binary-expr","locations":[{"start":{"line":7,"column":2},"end":{"line":7,"column":24}},{"start":{"line":8,"column":2},"end":{"line":10,"column":4}}]},"1":{"loc":{"start":{"line":9,"column":9},"end":{"line":9,"column":88}},"type":"cond-expr","locations":[{"start":{"line":9,"column":50},"end":{"line":9,"column":76}},{"start":{"line":9,"column":79},"end":{"line":9,"column":88}}]},"2":{"loc":{"start":{"line":12,"column":0},"end":{"line":12,"column":75}},"type":"if","locations":[{"start":{"line":12,"column":0},"end":{"line":12,"column":75}}]}},"s":{"0":0,"1":0,"2":0,"3":0,"4":0},"f":{},"b":{"0":[0,0],"1":[0,0],"2":[0]}}
,"/home/runner/work/oms_national_food_control/oms_national_food_control/apps/api/src/lib/queue.ts": {"path":"/home/runner/work/oms_national_food_control/oms_national_food_control/apps/api/src/lib/queue.ts","statementMap":{"0":{"start":{"line":1,"column":0},"end":{"line":1,"column":39}},"1":{"start":{"line":2,"column":0},"end":{"line":2,"column":34}},"2":{"start":{"line":5,"column":19},"end":{"line":5,"column":52}},"3":{"start":{"line":8,"column":13},"end":{"line":8,"column":74}},"4":{"start":{"line":11,"column":13},"end":{"line":11,"column":66}},"5":{"start":{"line":17,"column":13},"end":{"line":25,"column":2}},"6":{"start":{"line":20,"column":4},"end":{"line":20,"column":77}},"7":{"start":{"line":22,"column":4},"end":{"line":22,"column":31}},"8":{"start":{"line":27,"column":0},"end":{"line":29,"column":3}},"9":{"start":{"line":28,"column":2},"end":{"line":28,"column":54}},"10":{"start":{"line":31,"column":0},"end":{"line":33,"column":3}},"11":{"start":{"line":32,"column":2},"end":{"line":32,"column":62}}},"fnMap":{"0":{"name":"(anonymous_0)","decl":{"start":{"line":19,"column":2},"end":{"line":19,"column":7}},"loc":{"start":{"line":19,"column":16},"end":{"line":23,"column":3}}},"1":{"name":"(anonymous_1)","decl":{"start":{"line":27,"column":34},"end":{"line":27,"column":35}},"loc":{"start":{"line":27,"column":42},"end":{"line":29,"column":1}}},"2":{"name":"(anonymous_2)","decl":{"start":{"line":31,"column":31},"end":{"line":31,"column":32}},"loc":{"start":{"line":31,"column":44},"end":{"line":33,"column":1}}}},"branchMap":{},"s":{"0":0,"1":0,"2":0,"3":0,"4":0,"5":0,"6":0,"7":0,"8":0,"9":0,"10":0,"11":0},"f":{"0":0,"1":0,"2":0},"b":{}}
,"/home/runner/work/oms_national_food_control/oms_national_food_control/apps/api/src/lib/redis.ts": {"path":"/home/runner/work/oms_national_food_control/oms_national_food_control/apps/api/src/lib/redis.ts","statementMap":{"0":{"start":{"line":1,"column":0},"end":{"line":1,"column":28}},"1":{"start":{"line":2,"column":0},"end":{"line":2,"column":34}},"2":{"start":{"line":5,"column":13},"end":{"line":12,"column":3}},"3":{"start":{"line":9,"column":18},"end":{"line":9,"column":44}},"4":{"start":{"line":10,"column":4},"end":{"line":10,"column":17}},"5":{"start":{"line":14,"column":0},"end":{"line":14,"column":58}},"6":{"start":{"line":14,"column":26},"end":{"line":14,"column":56}},"7":{"start":{"line":15,"column":0},"end":{"line":15,"column":65}},"8":{"start":{"line":15,"column":27},"end":{"line":15,"column":63}}},"fnMap":{"0":{"name":"(anonymous_1)","decl":{"start":{"line":8,"column":2},"end":{"line":8,"column":15}},"loc":{"start":{"line":8,"column":21},"end":{"line":11,"column":3}}},"1":{"name":"(anonymous_2)","decl":{"start":{"line":14,"column":20},"end":{"line":14,"column":23}},"loc":{"start":{"line":14,"column":26},"end":{"line":14,"column":56}}},"2":{"name":"(anonymous_3)","decl":{"start":{"line":15,"column":18},"end":{"line":15,"column":19}},"loc":{"start":{"line":15,"column":27},"end":{"line":15,"column":63}}}},"branchMap":{"0":{"loc":{"start":{"line":5,"column":31},"end":{"line":5,"column":80}},"type":"binary-expr","locations":[{"start":{"line":5,"column":31},"end":{"line":5,"column":52}},{"start":{"line":5,"column":56},"end":{"line":5,"column":80}}]}},"s":{"0":0,"1":0,"2":0,"3":0,"4":0,"5":0,"6":0,"7":0,"8":0},"f":{"0":0,"1":0,"2":0},"b":{"0":[0,0]}}
,"/home/runner/work/oms_national_food_control/oms_national_food_control/apps/api/src/middleware/audit.middleware.ts": {"path":"/home/runner/work/oms_national_food_control/oms_national_food_control/apps/api/src/middleware/audit.middleware.ts","statementMap":{"0":{"start":{"line":14,"column":0},"end":{"line":14,"column":16}},"1":{"start":{"line":3,"column":0},"end":{"line":3,"column":39}},"2":{"start":{"line":4,"column":0},"end":{"line":4,"column":36}},"3":{"start":{"line":5,"column":0},"end":{"line":5,"column":39}},"4":{"start":{"line":8,"column":20},"end":{"line":8,"column":86}},"5":{"start":{"line":15,"column":23},"end":{"line":15,"column":41}},"6":{"start":{"line":17,"column":2},"end":{"line":48,"column":4}},"7":{"start":{"line":18,"column":4},"end":{"line":46,"column":5}},"8":{"start":{"line":19,"column":6},"end":{"line":45,"column":9}},"9":{"start":{"line":20,"column":8},"end":{"line":44,"column":9}},"10":{"start":{"line":21,"column":28},"end":{"line":21,"column":69}},"11":{"start":{"line":22,"column":26},"end":{"line":22,"column":82}},"12":{"start":{"line":23,"column":28},"end":{"line":23,"column":52}},"13":{"start":{"line":24,"column":28},"end":{"line":24,"column":96}},"14":{"start":{"line":25,"column":28},"end":{"line":25,"column":80}},"15":{"start":{"line":26,"column":10},"end":{"line":26,"column":36}},"16":{"start":{"line":28,"column":10},"end":{"line":41,"column":13}},"17":{"start":{"line":43,"column":10},"end":{"line":43,"column":61}},"18":{"start":{"line":47,"column":4},"end":{"line":47,"column":30}},"19":{"start":{"line":50,"column":2},"end":{"line":50,"column":9}}},"fnMap":{"0":{"name":"auditMiddleware","decl":{"start":{"line":14,"column":16},"end":{"line":14,"column":31}},"loc":{"start":{"line":14,"column":83},"end":{"line":51,"column":1}}},"1":{"name":"(anonymous_1)","decl":{"start":{"line":17,"column":13},"end":{"line":17,"column":23}},"loc":{"start":{"line":17,"column":36},"end":{"line":48,"column":3}}},"2":{"name":"(anonymous_2)","decl":{"start":{"line":19,"column":19},"end":{"line":19,"column":24}},"loc":{"start":{"line":19,"column":30},"end":{"line":45,"column":7}}}},"branchMap":{"0":{"loc":{"start":{"line":18,"column":4},"end":{"line":46,"column":5}},"type":"if","locations":[{"start":{"line":18,"column":4},"end":{"line":46,"column":5}}]},"1":{"loc":{"start":{"line":32,"column":26},"end":{"line":32,"column":61}},"type":"binary-expr","locations":[{"start":{"line":32,"column":26},"end":{"line":32,"column":48}},{"start":{"line":32,"column":52},"end":{"line":32,"column":61}}]},"2":{"loc":{"start":{"line":34,"column":22},"end":{"line":34,"column":49}},"type":"binary-expr","locations":[{"start":{"line":34,"column":22},"end":{"line":34,"column":34}},{"start":{"line":34,"column":38},"end":{"line":34,"column":49}}]},"3":{"loc":{"start":{"line":38,"column":22},"end":{"line":38,"column":66}},"type":"cond-expr","locations":[{"start":{"line":38,"column":45},"end":{"line":38,"column":54}},{"start":{"line":38,"column":57},"end":{"line":38,"column":66}}]}},"s":{"0":0,"1":0,"2":0,"3":0,"4":0,"5":0,"6":0,"7":0,"8":0,"9":0,"10":0,"11":0,"12":0,"13":0,"14":0,"15":0,"16":0,"17":0,"18":0,"19":0},"f":{"0":0,"1":0,"2":0},"b":{"0":[0],"1":[0,0],"2":[0,0],"3":[0,0]}}
,"/home/runner/work/oms_national_food_control/oms_national_food_control/apps/api/src/middleware/auth.middleware.ts": {"path":"/home/runner/work/oms_national_food_control/oms_national_food_control/apps/api/src/middleware/auth.middleware.ts","statementMap":{"0":{"start":{"line":18,"column":0},"end":{"line":18,"column":16}},"1":{"start":{"line":2,"column":0},"end":{"line":2,"column":31}},"2":{"start":{"line":19,"column":21},"end":{"line":19,"column":46}},"3":{"start":{"line":20,"column":2},"end":{"line":23,"column":3}},"4":{"start":{"line":21,"column":4},"end":{"line":21,"column":117}},"5":{"start":{"line":22,"column":4},"end":{"line":22,"column":11}},"6":{"start":{"line":25,"column":16},"end":{"line":25,"column":35}},"7":{"start":{"line":26,"column":2},"end":{"line":34,"column":3}},"8":{"start":{"line":27,"column":19},"end":{"line":27,"column":41}},"9":{"start":{"line":28,"column":4},"end":{"line":28,"column":62}},"10":{"start":{"line":28,"column":17},"end":{"line":28,"column":62}},"11":{"start":{"line":29,"column":20},"end":{"line":29,"column":68}},"12":{"start":{"line":30,"column":4},"end":{"line":30,"column":23}},"13":{"start":{"line":31,"column":4},"end":{"line":31,"column":11}},"14":{"start":{"line":33,"column":4},"end":{"line":33,"column":103}}},"fnMap":{"0":{"name":"authMiddleware","decl":{"start":{"line":18,"column":16},"end":{"line":18,"column":30}},"loc":{"start":{"line":18,"column":82},"end":{"line":35,"column":1}}}},"branchMap":{"0":{"loc":{"start":{"line":20,"column":2},"end":{"line":23,"column":3}},"type":"if","locations":[{"start":{"line":20,"column":2},"end":{"line":23,"column":3}}]},"1":{"loc":{"start":{"line":28,"column":4},"end":{"line":28,"column":62}},"type":"if","locations":[{"start":{"line":28,"column":4},"end":{"line":28,"column":62}}]}},"s":{"0":0,"1":0,"2":0,"3":0,"4":0,"5":0,"6":0,"7":0,"8":0,"9":0,"10":0,"11":0,"12":0,"13":0,"14":0},"f":{"0":0},"b":{"0":[0],"1":[0]}}
,"/home/runner/work/oms_national_food_control/oms_national_food_control/apps/api/src/middleware/rbac.middleware.ts": {"path":"/home/runner/work/oms_national_food_control/oms_national_food_control/apps/api/src/middleware/rbac.middleware.ts","statementMap":{"0":{"start":{"line":9,"column":0},"end":{"line":9,"column":16}},"1":{"start":{"line":10,"column":2},"end":{"line":24,"column":4}},"2":{"start":{"line":11,"column":4},"end":{"line":14,"column":5}},"3":{"start":{"line":12,"column":6},"end":{"line":12,"column":97}},"4":{"start":{"line":13,"column":6},"end":{"line":13,"column":13}},"5":{"start":{"line":15,"column":4},"end":{"line":22,"column":5}},"6":{"start":{"line":16,"column":6},"end":{"line":20,"column":9}},"7":{"start":{"line":21,"column":6},"end":{"line":21,"column":13}},"8":{"start":{"line":23,"column":4},"end":{"line":23,"column":11}}},"fnMap":{"0":{"name":"rbac","decl":{"start":{"line":9,"column":16},"end":{"line":9,"column":20}},"loc":{"start":{"line":9,"column":46},"end":{"line":25,"column":1}}},"1":{"name":"(anonymous_1)","decl":{"start":{"line":10,"column":9},"end":{"line":10,"column":10}},"loc":{"start":{"line":10,"column":71},"end":{"line":24,"column":3}}}},"branchMap":{"0":{"loc":{"start":{"line":11,"column":4},"end":{"line":14,"column":5}},"type":"if","locations":[{"start":{"line":11,"column":4},"end":{"line":14,"column":5}}]},"1":{"loc":{"start":{"line":15,"column":4},"end":{"line":22,"column":5}},"type":"if","locations":[{"start":{"line":15,"column":4},"end":{"line":22,"column":5}}]}},"s":{"0":0,"1":0,"2":0,"3":0,"4":0,"5":0,"6":0,"7":0,"8":0},"f":{"0":0,"1":0},"b":{"0":[0],"1":[0]}}
,"/home/runner/work/oms_national_food_control/oms_national_food_control/apps/api/src/modules/analytics/analytics.controller.ts": {"path":"/home/runner/work/oms_national_food_control/oms_national_food_control/apps/api/src/modules/analytics/analytics.controller.ts","statementMap":{"0":{"start":{"line":2,"column":0},"end":{"line":2,"column":55}},"1":{"start":{"line":6,"column":13},"end":{"line":46,"column":2}},"2":{"start":{"line":9,"column":4},"end":{"line":12,"column":32}},"3":{"start":{"line":10,"column":19},"end":{"line":10,"column":56}},"4":{"start":{"line":11,"column":6},"end":{"line":11,"column":52}},"5":{"start":{"line":12,"column":20},"end":{"line":12,"column":30}},"6":{"start":{"line":17,"column":4},"end":{"line":20,"column":32}},"7":{"start":{"line":18,"column":19},"end":{"line":18,"column":59}},"8":{"start":{"line":19,"column":6},"end":{"line":19,"column":52}},"9":{"start":{"line":20,"column":20},"end":{"line":20,"column":30}},"10":{"start":{"line":25,"column":4},"end":{"line":28,"column":32}},"11":{"start":{"line":26,"column":19},"end":{"line":26,"column":61}},"12":{"start":{"line":27,"column":6},"end":{"line":27,"column":52}},"13":{"start":{"line":28,"column":20},"end":{"line":28,"column":30}},"14":{"start":{"line":33,"column":4},"end":{"line":36,"column":32}},"15":{"start":{"line":34,"column":19},"end":{"line":34,"column":57}},"16":{"start":{"line":35,"column":6},"end":{"line":35,"column":52}},"17":{"start":{"line":36,"column":20},"end":{"line":36,"column":30}},"18":{"start":{"line":41,"column":4},"end":{"line":44,"column":32}},"19":{"start":{"line":42,"column":19},"end":{"line":42,"column":56}},"20":{"start":{"line":43,"column":6},"end":{"line":43,"column":52}},"21":{"start":{"line":44,"column":20},"end":{"line":44,"column":30}}},"fnMap":{"0":{"name":"(anonymous_0)","decl":{"start":{"line":8,"column":2},"end":{"line":8,"column":7}},"loc":{"start":{"line":8,"column":69},"end":{"line":13,"column":3}}},"1":{"name":"(anonymous_1)","decl":{"start":{"line":16,"column":2},"end":{"line":16,"column":7}},"loc":{"start":{"line":16,"column":72},"end":{"line":21,"column":3}}},"2":{"name":"(anonymous_2)","decl":{"start":{"line":24,"column":2},"end":{"line":24,"column":7}},"loc":{"start":{"line":24,"column":74},"end":{"line":29,"column":3}}},"3":{"name":"(anonymous_3)","decl":{"start":{"line":32,"column":2},"end":{"line":32,"column":7}},"loc":{"start":{"line":32,"column":70},"end":{"line":37,"column":3}}},"4":{"name":"(anonymous_4)","decl":{"start":{"line":40,"column":2},"end":{"line":40,"column":7}},"loc":{"start":{"line":40,"column":69},"end":{"line":45,"column":3}}}},"branchMap":{},"s":{"0":0,"1":0,"2":0,"3":0,"4":0,"5":0,"6":0,"7":0,"8":0,"9":0,"10":0,"11":0,"12":0,"13":0,"14":0,"15":0,"16":0,"17":0,"18":0,"19":0,"20":0,"21":0},"f":{"0":0,"1":0,"2":0,"3":0,"4":0},"b":{}}
,"/home/runner/work/oms_national_food_control/oms_national_food_control/apps/api/src/modules/analytics/analytics.routes.ts": {"path":"/home/runner/work/oms_national_food_control/oms_national_food_control/apps/api/src/modules/analytics/analytics.routes.ts","statementMap":{"0":{"start":{"line":1,"column":0},"end":{"line":1,"column":33}},"1":{"start":{"line":2,"column":0},"end":{"line":2,"column":61}},"2":{"start":{"line":3,"column":0},"end":{"line":3,"column":66}},"3":{"start":{"line":4,"column":0},"end":{"line":4,"column":56}},"4":{"start":{"line":6,"column":15},"end":{"line":6,"column":23}},"5":{"start":{"line":7,"column":0},"end":{"line":7,"column":27}},"6":{"start":{"line":9,"column":0},"end":{"line":9,"column":129}},"7":{"start":{"line":10,"column":0},"end":{"line":10,"column":104}},"8":{"start":{"line":11,"column":0},"end":{"line":11,"column":108}},"9":{"start":{"line":12,"column":0},"end":{"line":12,"column":100}},"10":{"start":{"line":13,"column":0},"end":{"line":13,"column":97}},"11":{"start":{"line":15,"column":0},"end":{"line":15,"column":22}}},"fnMap":{},"branchMap":{},"s":{"0":0,"1":0,"2":0,"3":0,"4":0,"5":0,"6":0,"7":0,"8":0,"9":0,"10":0,"11":0},"f":{},"b":{}}
,"/home/runner/work/oms_national_food_control/oms_national_food_control/apps/api/src/modules/analytics/analytics.service.ts": {"path":"/home/runner/work/oms_national_food_control/oms_national_food_control/apps/api/src/modules/analytics/analytics.service.ts","statementMap":{"0":{"start":{"line":1,"column":0},"end":{"line":1,"column":42}},"1":{"start":{"line":4,"column":13},"end":{"line":109,"column":2}},"2":{"start":{"line":9,"column":97},"end":{"line":15,"column":6}},"3":{"start":{"line":17,"column":27},"end":{"line":17,"column":122}},"4":{"start":{"line":19,"column":4},"end":{"line":26,"column":6}},"5":{"start":{"line":33,"column":26},"end":{"line":33,"column":36}},"6":{"start":{"line":34,"column":4},"end":{"line":34,"column":56}},"7":{"start":{"line":36,"column":19},"end":{"line":39,"column":6}},"8":{"start":{"line":42,"column":20},"end":{"line":46,"column":10}},"9":{"start":{"line":43,"column":19},"end":{"line":43,"column":65}},"10":{"start":{"line":44,"column":6},"end":{"line":44,"column":39}},"11":{"start":{"line":45,"column":6},"end":{"line":45,"column":17}},"12":{"start":{"line":48,"column":4},"end":{"line":48,"column":94}},"13":{"start":{"line":48,"column":59},"end":{"line":48,"column":91}},"14":{"start":{"line":55,"column":26},"end":{"line":59,"column":6}},"15":{"start":{"line":61,"column":4},"end":{"line":65,"column":8}},"16":{"start":{"line":61,"column":35},"end":{"line":65,"column":6}},"17":{"start":{"line":72,"column":20},"end":{"line":76,"column":6}},"18":{"start":{"line":78,"column":4},"end":{"line":84,"column":8}},"19":{"start":{"line":78,"column":29},"end":{"line":84,"column":6}},"20":{"start":{"line":91,"column":18},"end":{"line":91,"column":28}},"21":{"start":{"line":92,"column":4},"end":{"line":92,"column":31}},"22":{"start":{"line":94,"column":36},"end":{"line":100,"column":6}},"23":{"start":{"line":102,"column":4},"end":{"line":107,"column":8}},"24":{"start":{"line":102,"column":45},"end":{"line":107,"column":6}}},"fnMap":{"0":{"name":"(anonymous_0)","decl":{"start":{"line":8,"column":2},"end":{"line":8,"column":7}},"loc":{"start":{"line":8,"column":20},"end":{"line":27,"column":3}}},"1":{"name":"(anonymous_1)","decl":{"start":{"line":32,"column":2},"end":{"line":32,"column":7}},"loc":{"start":{"line":32,"column":23},"end":{"line":49,"column":3}}},"2":{"name":"(anonymous_2)","decl":{"start":{"line":42,"column":34},"end":{"line":42,"column":35}},"loc":{"start":{"line":42,"column":73},"end":{"line":46,"column":5}}},"3":{"name":"(anonymous_3)","decl":{"start":{"line":48,"column":39},"end":{"line":48,"column":40}},"loc":{"start":{"line":48,"column":59},"end":{"line":48,"column":91}}},"4":{"name":"(anonymous_4)","decl":{"start":{"line":54,"column":2},"end":{"line":54,"column":7}},"loc":{"start":{"line":54,"column":25},"end":{"line":66,"column":3}}},"5":{"name":"(anonymous_5)","decl":{"start":{"line":61,"column":29},"end":{"line":61,"column":30}},"loc":{"start":{"line":61,"column":35},"end":{"line":65,"column":6}}},"6":{"name":"(anonymous_6)","decl":{"start":{"line":71,"column":2},"end":{"line":71,"column":7}},"loc":{"start":{"line":71,"column":21},"end":{"line":85,"column":3}}},"7":{"name":"(anonymous_7)","decl":{"start":{"line":78,"column":23},"end":{"line":78,"column":24}},"loc":{"start":{"line":78,"column":29},"end":{"line":84,"column":6}}},"8":{"name":"(anonymous_8)","decl":{"start":{"line":90,"column":2},"end":{"line":90,"column":7}},"loc":{"start":{"line":90,"column":20},"end":{"line":108,"column":3}}},"9":{"name":"(anonymous_9)","decl":{"start":{"line":102,"column":39},"end":{"line":102,"column":40}},"loc":{"start":{"line":102,"column":45},"end":{"line":107,"column":6}}}},"branchMap":{"0":{"loc":{"start":{"line":25,"column":26},"end":{"line":25,"column":66}},"type":"binary-expr","locations":[{"start":{"line":25,"column":26},"end":{"line":25,"column":61}},{"start":{"line":25,"column":65},"end":{"line":25,"column":66}}]},"1":{"loc":{"start":{"line":44,"column":19},"end":{"line":44,"column":33}},"type":"binary-expr","locations":[{"start":{"line":44,"column":19},"end":{"line":44,"column":28}},{"start":{"line":44,"column":32},"end":{"line":44,"column":33}}]},"2":{"loc":{"start":{"line":63,"column":22},"end":{"line":63,"column":44}},"type":"binary-expr","locations":[{"start":{"line":63,"column":22},"end":{"line":63,"column":39}},{"start":{"line":63,"column":43},"end":{"line":63,"column":44}}]},"3":{"loc":{"start":{"line":64,"column":34},"end":{"line":64,"column":56}},"type":"binary-expr","locations":[{"start":{"line":64,"column":34},"end":{"line":64,"column":51}},{"start":{"line":64,"column":55},"end":{"line":64,"column":56}}]},"4":{"loc":{"start":{"line":83,"column":17},"end":{"line":83,"column":67}},"type":"cond-expr","locations":[{"start":{"line":83,"column":50},"end":{"line":83,"column":56}},{"start":{"line":83,"column":59},"end":{"line":83,"column":67}}]},"5":{"loc":{"start":{"line":105,"column":15},"end":{"line":105,"column":37}},"type":"binary-expr","locations":[{"start":{"line":105,"column":15},"end":{"line":105,"column":32}},{"start":{"line":105,"column":36},"end":{"line":105,"column":37}}]}},"s":{"0":0,"1":0,"2":0,"3":0,"4":0,"5":0,"6":0,"7":0,"8":0,"9":0,"10":0,"11":0,"12":0,"13":0,"14":0,"15":0,"16":0,"17":0,"18":0,"19":0,"20":0,"21":0,"22":0,"23":0,"24":0},"f":{"0":0,"1":0,"2":0,"3":0,"4":0,"5":0,"6":0,"7":0,"8":0,"9":0},"b":{"0":[0,0],"1":[0,0],"2":[0,0],"3":[0,0],"4":[0,0],"5":[0,0]}}
,"/home/runner/work/oms_national_food_control/oms_national_food_control/apps/api/src/modules/audit/audit.controller.ts": {"path":"/home/runner/work/oms_national_food_control/oms_national_food_control/apps/api/src/modules/audit/audit.controller.ts","statementMap":{"0":{"start":{"line":2,"column":0},"end":{"line":2,"column":47}},"1":{"start":{"line":6,"column":13},"end":{"line":35,"column":2}},"2":{"start":{"line":9,"column":4},"end":{"line":15,"column":32}},"3":{"start":{"line":10,"column":19},"end":{"line":10,"column":61}},"4":{"start":{"line":11,"column":20},"end":{"line":11,"column":64}},"5":{"start":{"line":12,"column":25},"end":{"line":12,"column":70}},"6":{"start":{"line":13,"column":19},"end":{"line":13,"column":70}},"7":{"start":{"line":14,"column":6},"end":{"line":14,"column":52}},"8":{"start":{"line":15,"column":20},"end":{"line":15,"column":30}},"9":{"start":{"line":20,"column":4},"end":{"line":23,"column":32}},"10":{"start":{"line":21,"column":18},"end":{"line":21,"column":64}},"11":{"start":{"line":22,"column":6},"end":{"line":22,"column":57}},"12":{"start":{"line":23,"column":20},"end":{"line":23,"column":30}},"13":{"start":{"line":28,"column":4},"end":{"line":33,"column":32}},"14":{"start":{"line":29,"column":18},"end":{"line":29,"column":48}},"15":{"start":{"line":30,"column":6},"end":{"line":30,"column":48}},"16":{"start":{"line":31,"column":6},"end":{"line":31,"column":83}},"17":{"start":{"line":32,"column":6},"end":{"line":32,"column":32}},"18":{"start":{"line":33,"column":20},"end":{"line":33,"column":30}}},"fnMap":{"0":{"name":"(anonymous_0)","decl":{"start":{"line":8,"column":2},"end":{"line":8,"column":7}},"loc":{"start":{"line":8,"column":64},"end":{"line":16,"column":3}}},"1":{"name":"(anonymous_1)","decl":{"start":{"line":19,"column":2},"end":{"line":19,"column":7}},"loc":{"start":{"line":19,"column":67},"end":{"line":24,"column":3}}},"2":{"name":"(anonymous_2)","decl":{"start":{"line":27,"column":2},"end":{"line":27,"column":7}},"loc":{"start":{"line":27,"column":69},"end":{"line":34,"column":3}}}},"branchMap":{"0":{"loc":{"start":{"line":10,"column":19},"end":{"line":10,"column":61}},"type":"binary-expr","locations":[{"start":{"line":10,"column":19},"end":{"line":10,"column":56}},{"start":{"line":10,"column":60},"end":{"line":10,"column":61}}]},"1":{"loc":{"start":{"line":11,"column":20},"end":{"line":11,"column":64}},"type":"binary-expr","locations":[{"start":{"line":11,"column":20},"end":{"line":11,"column":58}},{"start":{"line":11,"column":62},"end":{"line":11,"column":64}}]}},"s":{"0":0,"1":0,"2":0,"3":0,"4":0,"5":0,"6":0,"7":0,"8":0,"9":0,"10":0,"11":0,"12":0,"13":0,"14":0,"15":0,"16":0,"17":0,"18":0},"f":{"0":0,"1":0,"2":0},"b":{"0":[0,0],"1":[0,0]}}
,"/home/runner/work/oms_national_food_control/oms_national_food_control/apps/api/src/modules/audit/audit.routes.ts": {"path":"/home/runner/work/oms_national_food_control/oms_national_food_control/apps/api/src/modules/audit/audit.routes.ts","statementMap":{"0":{"start":{"line":1,"column":0},"end":{"line":1,"column":33}},"1":{"start":{"line":2,"column":0},"end":{"line":2,"column":53}},"2":{"start":{"line":3,"column":0},"end":{"line":3,"column":66}},"3":{"start":{"line":4,"column":0},"end":{"line":4,"column":56}},"4":{"start":{"line":6,"column":15},"end":{"line":6,"column":23}},"5":{"start":{"line":7,"column":0},"end":{"line":7,"column":27}},"6":{"start":{"line":9,"column":0},"end":{"line":9,"column":70}},"7":{"start":{"line":10,"column":0},"end":{"line":10,"column":85}},"8":{"start":{"line":11,"column":0},"end":{"line":11,"column":79}},"9":{"start":{"line":13,"column":0},"end":{"line":13,"column":22}}},"fnMap":{},"branchMap":{},"s":{"0":0,"1":0,"2":0,"3":0,"4":0,"5":0,"6":0,"7":0,"8":0,"9":0},"f":{},"b":{}}
,"/home/runner/work/oms_national_food_control/oms_national_food_control/apps/api/src/modules/audit/audit.service.ts": {"path":"/home/runner/work/oms_national_food_control/oms_national_food_control/apps/api/src/modules/audit/audit.service.ts","statementMap":{"0":{"start":{"line":1,"column":0},"end":{"line":1,"column":42}},"1":{"start":{"line":4,"column":13},"end":{"line":43,"column":2}},"2":{"start":{"line":10,"column":17},"end":{"line":10,"column":35}},"3":{"start":{"line":11,"column":18},"end":{"line":11,"column":50}},"4":{"start":{"line":13,"column":26},"end":{"line":16,"column":6}},"5":{"start":{"line":18,"column":4},"end":{"line":18,"column":77}},"6":{"start":{"line":25,"column":16},"end":{"line":25,"column":67}},"7":{"start":{"line":26,"column":4},"end":{"line":26,"column":108}},"8":{"start":{"line":26,"column":14},"end":{"line":26,"column":108}},"9":{"start":{"line":27,"column":4},"end":{"line":27,"column":15}},"10":{"start":{"line":34,"column":17},"end":{"line":34,"column":96}},"11":{"start":{"line":36,"column":19},"end":{"line":36,"column":106}},"12":{"start":{"line":37,"column":17},"end":{"line":38,"column":null}},"13":{"start":{"line":38,"column":6},"end":{"line":38,"column":182}},"14":{"start":{"line":41,"column":4},"end":{"line":41,"column":36}}},"fnMap":{"0":{"name":"(anonymous_0)","decl":{"start":{"line":9,"column":2},"end":{"line":9,"column":7}},"loc":{"start":{"line":9,"column":64},"end":{"line":19,"column":3}}},"1":{"name":"(anonymous_1)","decl":{"start":{"line":24,"column":2},"end":{"line":24,"column":7}},"loc":{"start":{"line":24,"column":27},"end":{"line":28,"column":3}}},"2":{"name":"(anonymous_2)","decl":{"start":{"line":33,"column":2},"end":{"line":33,"column":7}},"loc":{"start":{"line":33,"column":17},"end":{"line":42,"column":3}}},"3":{"name":"(anonymous_3)","decl":{"start":{"line":37,"column":26},"end":{"line":37,"column":29}},"loc":{"start":{"line":38,"column":6},"end":{"line":38,"column":182}}}},"branchMap":{"0":{"loc":{"start":{"line":11,"column":18},"end":{"line":11,"column":50}},"type":"cond-expr","locations":[{"start":{"line":11,"column":31},"end":{"line":11,"column":45}},{"start":{"line":11,"column":48},"end":{"line":11,"column":50}}]},"1":{"loc":{"start":{"line":26,"column":4},"end":{"line":26,"column":108}},"type":"if","locations":[{"start":{"line":26,"column":4},"end":{"line":26,"column":108}}]},"2":{"loc":{"start":{"line":38,"column":58},"end":{"line":38,"column":76}},"type":"binary-expr","locations":[{"start":{"line":38,"column":58},"end":{"line":38,"column":70}},{"start":{"line":38,"column":74},"end":{"line":38,"column":76}}]},"3":{"loc":{"start":{"line":38,"column":90},"end":{"line":38,"column":109}},"type":"binary-expr","locations":[{"start":{"line":38,"column":90},"end":{"line":38,"column":103}},{"start":{"line":38,"column":107},"end":{"line":38,"column":109}}]},"4":{"loc":{"start":{"line":38,"column":123},"end":{"line":38,"column":142}},"type":"binary-expr","locations":[{"start":{"line":38,"column":123},"end":{"line":38,"column":136}},{"start":{"line":38,"column":140},"end":{"line":38,"column":142}}]}},"s":{"0":0,"1":0,"2":0,"3":0,"4":0,"5":0,"6":0,"7":0,"8":0,"9":0,"10":0,"11":0,"12":0,"13":0,"14":0},"f":{"0":0,"1":0,"2":0,"3":0},"b":{"0":[0,0],"1":[0],"2":[0,0],"3":[0,0],"4":[0,0]}}
,"/home/runner/work/oms_national_food_control/oms_national_food_control/apps/api/src/modules/auth/auth.controller.ts": {"path":"/home/runner/work/oms_national_food_control/oms_national_food_control/apps/api/src/modules/auth/auth.controller.ts","statementMap":{"0":{"start":{"line":2,"column":0},"end":{"line":2,"column":45}},"1":{"start":{"line":3,"column":0},"end":{"line":3,"column":50}},"2":{"start":{"line":7,"column":13},"end":{"line":76,"column":2}},"3":{"start":{"line":13,"column":4},"end":{"line":23,"column":5}},"4":{"start":{"line":14,"column":21},"end":{"line":14,"column":49}},"5":{"start":{"line":15,"column":6},"end":{"line":18,"column":7}},"6":{"start":{"line":16,"column":8},"end":{"line":16,"column":104}},"7":{"start":{"line":17,"column":8},"end":{"line":17,"column":15}},"8":{"start":{"line":19,"column":21},"end":{"line":19,"column":57}},"9":{"start":{"line":20,"column":6},"end":{"line":20,"column":60}},"10":{"start":{"line":22,"column":6},"end":{"line":22,"column":16}},"11":{"start":{"line":31,"column":4},"end":{"line":41,"column":5}},"12":{"start":{"line":32,"column":21},"end":{"line":32,"column":51}},"13":{"start":{"line":33,"column":6},"end":{"line":36,"column":7}},"14":{"start":{"line":34,"column":8},"end":{"line":34,"column":104}},"15":{"start":{"line":35,"column":8},"end":{"line":35,"column":15}},"16":{"start":{"line":37,"column":21},"end":{"line":37,"column":72}},"17":{"start":{"line":38,"column":6},"end":{"line":38,"column":60}},"18":{"start":{"line":40,"column":6},"end":{"line":40,"column":16}},"19":{"start":{"line":49,"column":4},"end":{"line":58,"column":5}},"20":{"start":{"line":50,"column":6},"end":{"line":53,"column":7}},"21":{"start":{"line":51,"column":8},"end":{"line":51,"column":99}},"22":{"start":{"line":52,"column":8},"end":{"line":52,"column":15}},"23":{"start":{"line":54,"column":6},"end":{"line":54,"column":44}},"24":{"start":{"line":55,"column":6},"end":{"line":55,"column":92}},"25":{"start":{"line":57,"column":6},"end":{"line":57,"column":16}},"26":{"start":{"line":66,"column":4},"end":{"line":74,"column":5}},"27":{"start":{"line":67,"column":6},"end":{"line":70,"column":7}},"28":{"start":{"line":68,"column":8},"end":{"line":68,"column":99}},"29":{"start":{"line":69,"column":8},"end":{"line":69,"column":15}},"30":{"start":{"line":71,"column":6},"end":{"line":71,"column":62}},"31":{"start":{"line":73,"column":6},"end":{"line":73,"column":16}}},"fnMap":{"0":{"name":"(anonymous_0)","decl":{"start":{"line":12,"column":2},"end":{"line":12,"column":7}},"loc":{"start":{"line":12,"column":61},"end":{"line":24,"column":3}}},"1":{"name":"(anonymous_1)","decl":{"start":{"line":30,"column":2},"end":{"line":30,"column":7}},"loc":{"start":{"line":30,"column":63},"end":{"line":42,"column":3}}},"2":{"name":"(anonymous_2)","decl":{"start":{"line":48,"column":2},"end":{"line":48,"column":7}},"loc":{"start":{"line":48,"column":66},"end":{"line":59,"column":3}}},"3":{"name":"(anonymous_3)","decl":{"start":{"line":65,"column":2},"end":{"line":65,"column":7}},"loc":{"start":{"line":65,"column":62},"end":{"line":75,"column":3}}}},"branchMap":{"0":{"loc":{"start":{"line":15,"column":6},"end":{"line":18,"column":7}},"type":"if","locations":[{"start":{"line":15,"column":6},"end":{"line":18,"column":7}}]},"1":{"loc":{"start":{"line":33,"column":6},"end":{"line":36,"column":7}},"type":"if","locations":[{"start":{"line":33,"column":6},"end":{"line":36,"column":7}}]},"2":{"loc":{"start":{"line":50,"column":6},"end":{"line":53,"column":7}},"type":"if","locations":[{"start":{"line":50,"column":6},"end":{"line":53,"column":7}}]},"3":{"loc":{"start":{"line":67,"column":6},"end":{"line":70,"column":7}},"type":"if","locations":[{"start":{"line":67,"column":6},"end":{"line":70,"column":7}}]}},"s":{"0":0,"1":0,"2":0,"3":0,"4":0,"5":0,"6":0,"7":0,"8":0,"9":0,"10":0,"11":0,"12":0,"13":0,"14":0,"15":0,"16":0,"17":0,"18":0,"19":0,"20":0,"21":0,"22":0,"23":0,"24":0,"25":0,"26":0,"27":0,"28":0,"29":0,"30":0,"31":0},"f":{"0":0,"1":0,"2":0,"3":0},"b":{"0":[0],"1":[0],"2":[0],"3":[0]}}
,"/home/runner/work/oms_national_food_control/oms_national_food_control/apps/api/src/modules/auth/auth.dto.ts": {"path":"/home/runner/work/oms_national_food_control/oms_national_food_control/apps/api/src/modules/auth/auth.dto.ts","statementMap":{"0":{"start":{"line":1,"column":0},"end":{"line":1,"column":24}},"1":{"start":{"line":4,"column":13},"end":{"line":7,"column":3}},"2":{"start":{"line":10,"column":13},"end":{"line":12,"column":3}}},"fnMap":{},"branchMap":{},"s":{"0":0,"1":0,"2":0},"f":{},"b":{}}
,"/home/runner/work/oms_national_food_control/oms_national_food_control/apps/api/src/modules/auth/auth.routes.ts": {"path":"/home/runner/work/oms_national_food_control/oms_national_food_control/apps/api/src/modules/auth/auth.routes.ts","statementMap":{"0":{"start":{"line":1,"column":0},"end":{"line":1,"column":33}},"1":{"start":{"line":2,"column":0},"end":{"line":2,"column":51}},"2":{"start":{"line":3,"column":0},"end":{"line":3,"column":66}},"3":{"start":{"line":5,"column":15},"end":{"line":5,"column":23}},"4":{"start":{"line":26,"column":0},"end":{"line":26,"column":44}},"5":{"start":{"line":35,"column":0},"end":{"line":35,"column":48}},"6":{"start":{"line":46,"column":0},"end":{"line":46,"column":62}},"7":{"start":{"line":57,"column":0},"end":{"line":57,"column":53}},"8":{"start":{"line":59,"column":0},"end":{"line":59,"column":22}}},"fnMap":{},"branchMap":{},"s":{"0":0,"1":0,"2":0,"3":0,"4":0,"5":0,"6":0,"7":0,"8":0},"f":{},"b":{}}
,"/home/runner/work/oms_national_food_control/oms_national_food_control/apps/api/src/modules/auth/auth.service.ts": {"path":"/home/runner/work/oms_national_food_control/oms_national_food_control/apps/api/src/modules/auth/auth.service.ts","statementMap":{"0":{"start":{"line":1,"column":0},"end":{"line":1,"column":28}},"1":{"start":{"line":2,"column":0},"end":{"line":2,"column":31}},"2":{"start":{"line":3,"column":0},"end":{"line":3,"column":42}},"3":{"start":{"line":4,"column":0},"end":{"line":4,"column":40}},"4":{"start":{"line":7,"column":28},"end":{"line":7,"column":33}},"5":{"start":{"line":8,"column":29},"end":{"line":8,"column":33}},"6":{"start":{"line":9,"column":20},"end":{"line":9,"column":22}},"7":{"start":{"line":15,"column":17},"end":{"line":15,"column":39}},"8":{"start":{"line":16,"column":2},"end":{"line":16,"column":60}},"9":{"start":{"line":16,"column":15},"end":{"line":16,"column":60}},"10":{"start":{"line":17,"column":2},"end":{"line":17,"column":71}},"11":{"start":{"line":24,"column":17},"end":{"line":24,"column":47}},"12":{"start":{"line":25,"column":2},"end":{"line":25,"column":68}},"13":{"start":{"line":25,"column":15},"end":{"line":25,"column":68}},"14":{"start":{"line":26,"column":2},"end":{"line":26,"column":72}},"15":{"start":{"line":30,"column":13},"end":{"line":92,"column":2}},"16":{"start":{"line":36,"column":17},"end":{"line":36,"column":80}},"17":{"start":{"line":37,"column":4},"end":{"line":39,"column":5}},"18":{"start":{"line":38,"column":6},"end":{"line":38,"column":110}},"19":{"start":{"line":41,"column":26},"end":{"line":41,"column":81}},"20":{"start":{"line":42,"column":4},"end":{"line":44,"column":5}},"21":{"start":{"line":43,"column":6},"end":{"line":43,"column":110}},"22":{"start":{"line":46,"column":25},"end":{"line":46,"column":101}},"23":{"start":{"line":47,"column":24},"end":{"line":47,"column":57}},"24":{"start":{"line":48,"column":25},"end":{"line":48,"column":59}},"25":{"start":{"line":51,"column":4},"end":{"line":51,"column":76}},"26":{"start":{"line":53,"column":4},"end":{"line":53,"column":100}},"27":{"start":{"line":60,"column":19},"end":{"line":60,"column":49}},"28":{"start":{"line":61,"column":4},"end":{"line":61,"column":70}},"29":{"start":{"line":61,"column":17},"end":{"line":61,"column":70}},"30":{"start":{"line":64,"column":4},"end":{"line":68,"column":5}},"31":{"start":{"line":65,"column":6},"end":{"line":65,"column":67}},"32":{"start":{"line":67,"column":6},"end":{"line":67,"column":106}},"33":{"start":{"line":70,"column":19},"end":{"line":70,"column":59}},"34":{"start":{"line":71,"column":4},"end":{"line":73,"column":5}},"35":{"start":{"line":72,"column":6},"end":{"line":72,"column":106}},"36":{"start":{"line":75,"column":24},"end":{"line":75,"column":133}},"37":{"start":{"line":76,"column":4},"end":{"line":76,"column":27}},"38":{"start":{"line":83,"column":4},"end":{"line":83,"column":41}},"39":{"start":{"line":90,"column":4},"end":{"line":90,"column":46}}},"fnMap":{"0":{"name":"generateAccessToken","decl":{"start":{"line":14,"column":9},"end":{"line":14,"column":28}},"loc":{"start":{"line":14,"column":44},"end":{"line":18,"column":1}}},"1":{"name":"generateRefreshToken","decl":{"start":{"line":23,"column":9},"end":{"line":23,"column":29}},"loc":{"start":{"line":23,"column":45},"end":{"line":27,"column":1}}},"2":{"name":"(anonymous_3)","decl":{"start":{"line":35,"column":2},"end":{"line":35,"column":7}},"loc":{"start":{"line":35,"column":31},"end":{"line":54,"column":3}}},"3":{"name":"(anonymous_4)","decl":{"start":{"line":59,"column":2},"end":{"line":59,"column":7}},"loc":{"start":{"line":59,"column":36},"end":{"line":77,"column":3}}},"4":{"name":"(anonymous_5)","decl":{"start":{"line":82,"column":2},"end":{"line":82,"column":7}},"loc":{"start":{"line":82,"column":29},"end":{"line":84,"column":3}}},"5":{"name":"(anonymous_6)","decl":{"start":{"line":89,"column":2},"end":{"line":89,"column":7}},"loc":{"start":{"line":89,"column":37},"end":{"line":91,"column":3}}}},"branchMap":{"0":{"loc":{"start":{"line":16,"column":2},"end":{"line":16,"column":60}},"type":"if","locations":[{"start":{"line":16,"column":2},"end":{"line":16,"column":60}}]},"1":{"loc":{"start":{"line":25,"column":2},"end":{"line":25,"column":68}},"type":"if","locations":[{"start":{"line":25,"column":2},"end":{"line":25,"column":68}}]},"2":{"loc":{"start":{"line":37,"column":4},"end":{"line":39,"column":5}},"type":"if","locations":[{"start":{"line":37,"column":4},"end":{"line":39,"column":5}}]},"3":{"loc":{"start":{"line":37,"column":8},"end":{"line":37,"column":31}},"type":"binary-expr","locations":[{"start":{"line":37,"column":8},"end":{"line":37,"column":13}},{"start":{"line":37,"column":17},"end":{"line":37,"column":31}}]},"4":{"loc":{"start":{"line":42,"column":4},"end":{"line":44,"column":5}},"type":"if","locations":[{"start":{"line":42,"column":4},"end":{"line":44,"column":5}}]},"5":{"loc":{"start":{"line":61,"column":4},"end":{"line":61,"column":70}},"type":"if","locations":[{"start":{"line":61,"column":4},"end":{"line":61,"column":70}}]},"6":{"loc":{"start":{"line":71,"column":4},"end":{"line":73,"column":5}},"type":"if","locations":[{"start":{"line":71,"column":4},"end":{"line":73,"column":5}}]}},"s":{"0":0,"1":0,"2":0,"3":0,"4":0,"5":0,"6":0,"7":0,"8":0,"9":0,"10":0,"11":0,"12":0,"13":0,"14":0,"15":0,"16":0,"17":0,"18":0,"19":0,"20":0,"21":0,"22":0,"23":0,"24":0,"25":0,"26":0,"27":0,"28":0,"29":0,"30":0,"31":0,"32":0,"33":0,"34":0,"35":0,"36":0,"37":0,"38":0,"39":0},"f":{"0":0,"1":0,"2":0,"3":0,"4":0,"5":0},"b":{"0":[0],"1":[0],"2":[0],"3":[0,0],"4":[0],"5":[0],"6":[0]}}
,"/home/runner/work/oms_national_food_control/oms_national_food_control/apps/api/src/modules/beneficiaries/beneficiaries.controller.ts": {"path":"/home/runner/work/oms_national_food_control/oms_national_food_control/apps/api/src/modules/beneficiaries/beneficiaries.controller.ts","statementMap":{"0":{"start":{"line":2,"column":0},"end":{"line":2,"column":63}},"1":{"start":{"line":3,"column":0},"end":{"line":3,"column":31}},"2":{"start":{"line":58,"column":9},"end":{"line":3,"column":96}},"3":{"start":{"line":7,"column":13},"end":{"line":55,"column":2}},"4":{"start":{"line":10,"column":4},"end":{"line":14,"column":32}},"5":{"start":{"line":11,"column":20},"end":{"line":11,"column":50}},"6":{"start":{"line":12,"column":21},"end":{"line":12,"column":62}},"7":{"start":{"line":13,"column":6},"end":{"line":13,"column":60}},"8":{"start":{"line":14,"column":20},"end":{"line":14,"column":30}},"9":{"start":{"line":19,"column":4},"end":{"line":27,"column":32}},"10":{"start":{"line":20,"column":21},"end":{"line":20,"column":61}},"11":{"start":{"line":21,"column":6},"end":{"line":24,"column":7}},"12":{"start":{"line":22,"column":8},"end":{"line":22,"column":104}},"13":{"start":{"line":23,"column":8},"end":{"line":23,"column":15}},"14":{"start":{"line":25,"column":16},"end":{"line":25,"column":62}},"15":{"start":{"line":26,"column":6},"end":{"line":26,"column":55}},"16":{"start":{"line":27,"column":20},"end":{"line":27,"column":30}},"17":{"start":{"line":32,"column":4},"end":{"line":35,"column":32}},"18":{"start":{"line":33,"column":16},"end":{"line":33,"column":70}},"19":{"start":{"line":34,"column":6},"end":{"line":34,"column":55}},"20":{"start":{"line":35,"column":20},"end":{"line":35,"column":30}},"21":{"start":{"line":40,"column":4},"end":{"line":43,"column":32}},"22":{"start":{"line":41,"column":21},"end":{"line":41,"column":83}},"23":{"start":{"line":42,"column":6},"end":{"line":42,"column":60}},"24":{"start":{"line":43,"column":20},"end":{"line":43,"column":30}},"25":{"start":{"line":48,"column":4},"end":{"line":53,"column":32}},"26":{"start":{"line":50,"column":23},"end":{"line":50,"column":76}},"27":{"start":{"line":51,"column":16},"end":{"line":51,"column":82}},"28":{"start":{"line":52,"column":6},"end":{"line":52,"column":92}},"29":{"start":{"line":53,"column":20},"end":{"line":53,"column":30}}},"fnMap":{"0":{"name":"(anonymous_0)","decl":{"start":{"line":58,"column":9},"end":{"line":58,"column":29}},"loc":{"start":{"line":58,"column":9},"end":{"line":3,"column":96}}},"1":{"name":"(anonymous_1)","decl":{"start":{"line":9,"column":2},"end":{"line":9,"column":7}},"loc":{"start":{"line":9,"column":64},"end":{"line":15,"column":3}}},"2":{"name":"(anonymous_2)","decl":{"start":{"line":18,"column":2},"end":{"line":18,"column":7}},"loc":{"start":{"line":18,"column":66},"end":{"line":28,"column":3}}},"3":{"name":"(anonymous_3)","decl":{"start":{"line":31,"column":2},"end":{"line":31,"column":7}},"loc":{"start":{"line":31,"column":67},"end":{"line":36,"column":3}}},"4":{"name":"(anonymous_4)","decl":{"start":{"line":39,"column":2},"end":{"line":39,"column":7}},"loc":{"start":{"line":39,"column":71},"end":{"line":44,"column":3}}},"5":{"name":"(anonymous_5)","decl":{"start":{"line":47,"column":2},"end":{"line":47,"column":7}},"loc":{"start":{"line":47,"column":70},"end":{"line":54,"column":3}}}},"branchMap":{"0":{"loc":{"start":{"line":21,"column":6},"end":{"line":24,"column":7}},"type":"if","locations":[{"start":{"line":21,"column":6},"end":{"line":24,"column":7}}]},"1":{"loc":{"start":{"line":50,"column":50},"end":{"line":50,"column":74}},"type":"binary-expr","locations":[{"start":{"line":50,"column":50},"end":{"line":50,"column":68}},{"start":{"line":50,"column":72},"end":{"line":50,"column":74}}]}},"s":{"0":0,"1":0,"2":0,"3":0,"4":0,"5":0,"6":0,"7":0,"8":0,"9":0,"10":0,"11":0,"12":0,"13":0,"14":0,"15":0,"16":0,"17":0,"18":0,"19":0,"20":0,"21":0,"22":0,"23":0,"24":0,"25":0,"26":0,"27":0,"28":0,"29":0},"f":{"0":0,"1":0,"2":0,"3":0,"4":0,"5":0},"b":{"0":[0],"1":[0,0]}}
,"/home/runner/work/oms_national_food_control/oms_national_food_control/apps/api/src/modules/beneficiaries/beneficiaries.dto.ts": {"path":"/home/runner/work/oms_national_food_control/oms_national_food_control/apps/api/src/modules/beneficiaries/beneficiaries.dto.ts","statementMap":{"0":{"start":{"line":1,"column":0},"end":{"line":1,"column":24}},"1":{"start":{"line":3,"column":13},"end":{"line":14,"column":3}},"2":{"start":{"line":16,"column":13},"end":{"line":16,"column":67}},"3":{"start":{"line":18,"column":13},"end":{"line":23,"column":3}}},"fnMap":{},"branchMap":{},"s":{"0":0,"1":0,"2":0,"3":0},"f":{},"b":{}}
,"/home/runner/work/oms_national_food_control/oms_national_food_control/apps/api/src/modules/beneficiaries/beneficiaries.routes.ts": {"path":"/home/runner/work/oms_national_food_control/oms_national_food_control/apps/api/src/modules/beneficiaries/beneficiaries.routes.ts","statementMap":{"0":{"start":{"line":1,"column":0},"end":{"line":1,"column":33}},"1":{"start":{"line":2,"column":0},"end":{"line":2,"column":69}},"2":{"start":{"line":3,"column":0},"end":{"line":3,"column":66}},"3":{"start":{"line":4,"column":0},"end":{"line":4,"column":56}},"4":{"start":{"line":6,"column":15},"end":{"line":6,"column":23}},"5":{"start":{"line":7,"column":0},"end":{"line":7,"column":27}},"6":{"start":{"line":9,"column":0},"end":{"line":9,"column":106}},"7":{"start":{"line":10,"column":0},"end":{"line":10,"column":89}},"8":{"start":{"line":11,"column":0},"end":{"line":11,"column":122}},"9":{"start":{"line":12,"column":0},"end":{"line":12,"column":141}},"10":{"start":{"line":13,"column":0},"end":{"line":13,"column":108}},"11":{"start":{"line":15,"column":0},"end":{"line":15,"column":22}}},"fnMap":{},"branchMap":{},"s":{"0":0,"1":0,"2":0,"3":0,"4":0,"5":0,"6":0,"7":0,"8":0,"9":0,"10":0,"11":0},"f":{},"b":{}}
,"/home/runner/work/oms_national_food_control/oms_national_food_control/apps/api/src/modules/beneficiaries/beneficiaries.service.ts": {"path":"/home/runner/work/oms_national_food_control/oms_national_food_control/apps/api/src/modules/beneficiaries/beneficiaries.service.ts","statementMap":{"0":{"start":{"line":1,"column":0},"end":{"line":1,"column":42}},"1":{"start":{"line":5,"column":13},"end":{"line":92,"column":2}},"2":{"start":{"line":10,"column":46},"end":{"line":10,"column":51}},"3":{"start":{"line":11,"column":17},"end":{"line":11,"column":35}},"4":{"start":{"line":13,"column":18},"end":{"line":22,"column":6}},"5":{"start":{"line":24,"column":26},"end":{"line":27,"column":6}},"6":{"start":{"line":29,"column":4},"end":{"line":29,"column":77}},"7":{"start":{"line":36,"column":21},"end":{"line":38,"column":6}},"8":{"start":{"line":39,"column":4},"end":{"line":41,"column":5}},"9":{"start":{"line":40,"column":6},"end":{"line":40,"column":129}},"10":{"start":{"line":42,"column":4},"end":{"line":42,"column":123}},"11":{"start":{"line":49,"column":14},"end":{"line":49,"column":68}},"12":{"start":{"line":50,"column":4},"end":{"line":50,"column":108}},"13":{"start":{"line":50,"column":12},"end":{"line":50,"column":108}},"14":{"start":{"line":51,"column":4},"end":{"line":51,"column":13}},"15":{"start":{"line":58,"column":14},"end":{"line":58,"column":81}},"16":{"start":{"line":59,"column":4},"end":{"line":59,"column":108}},"17":{"start":{"line":59,"column":12},"end":{"line":59,"column":108}},"18":{"start":{"line":61,"column":25},"end":{"line":61,"column":35}},"19":{"start":{"line":62,"column":4},"end":{"line":62,"column":28}},"20":{"start":{"line":63,"column":4},"end":{"line":63,"column":38}},"21":{"start":{"line":65,"column":26},"end":{"line":67,"column":6}},"22":{"start":{"line":69,"column":19},"end":{"line":69,"column":82}},"23":{"start":{"line":69,"column":52},"end":{"line":69,"column":78}},"24":{"start":{"line":70,"column":24},"end":{"line":70,"column":57}},"25":{"start":{"line":72,"column":4},"end":{"line":78,"column":6}},"26":{"start":{"line":86,"column":4},"end":{"line":86,"column":28}},"27":{"start":{"line":87,"column":4},"end":{"line":90,"column":7}}},"fnMap":{"0":{"name":"(anonymous_0)","decl":{"start":{"line":9,"column":2},"end":{"line":9,"column":7}},"loc":{"start":{"line":9,"column":38},"end":{"line":30,"column":3}}},"1":{"name":"(anonymous_1)","decl":{"start":{"line":35,"column":2},"end":{"line":35,"column":7}},"loc":{"start":{"line":35,"column":44},"end":{"line":43,"column":3}}},"2":{"name":"(anonymous_2)","decl":{"start":{"line":48,"column":2},"end":{"line":48,"column":7}},"loc":{"start":{"line":48,"column":27},"end":{"line":52,"column":3}}},"3":{"name":"(anonymous_3)","decl":{"start":{"line":57,"column":2},"end":{"line":57,"column":7}},"loc":{"start":{"line":57,"column":46},"end":{"line":79,"column":3}}},"4":{"name":"(anonymous_4)","decl":{"start":{"line":69,"column":40},"end":{"line":69,"column":41}},"loc":{"start":{"line":69,"column":52},"end":{"line":69,"column":78}}},"5":{"name":"(anonymous_5)","decl":{"start":{"line":85,"column":2},"end":{"line":85,"column":7}},"loc":{"start":{"line":85,"column":47},"end":{"line":91,"column":3}}}},"branchMap":{"0":{"loc":{"start":{"line":14,"column":10},"end":{"line":14,"column":38}},"type":"cond-expr","locations":[{"start":{"line":14,"column":21},"end":{"line":14,"column":33}},{"start":{"line":14,"column":36},"end":{"line":14,"column":38}}]},"1":{"loc":{"start":{"line":15,"column":10},"end":{"line":21,"column":12}},"type":"cond-expr","locations":[{"start":{"line":15,"column":19},"end":{"line":21,"column":8}},{"start":{"line":21,"column":10},"end":{"line":21,"column":12}}]},"2":{"loc":{"start":{"line":39,"column":4},"end":{"line":41,"column":5}},"type":"if","locations":[{"start":{"line":39,"column":4},"end":{"line":41,"column":5}}]},"3":{"loc":{"start":{"line":50,"column":4},"end":{"line":50,"column":108}},"type":"if","locations":[{"start":{"line":50,"column":4},"end":{"line":50,"column":108}}]},"4":{"loc":{"start":{"line":59,"column":4},"end":{"line":59,"column":108}},"type":"if","locations":[{"start":{"line":59,"column":4},"end":{"line":59,"column":108}}]}},"s":{"0":0,"1":0,"2":0,"3":0,"4":0,"5":0,"6":0,"7":0,"8":0,"9":0,"10":0,"11":0,"12":0,"13":0,"14":0,"15":0,"16":0,"17":0,"18":0,"19":0,"20":0,"21":0,"22":0,"23":0,"24":0,"25":0,"26":0,"27":0},"f":{"0":0,"1":0,"2":0,"3":0,"4":0,"5":0},"b":{"0":[0,0],"1":[0,0],"2":[0],"3":[0],"4":[0]}}
,"/home/runner/work/oms_national_food_control/oms_national_food_control/apps/api/src/modules/dealers/dealers.controller.ts": {"path":"/home/runner/work/oms_national_food_control/oms_national_food_control/apps/api/src/modules/dealers/dealers.controller.ts","statementMap":{"0":{"start":{"line":2,"column":0},"end":{"line":2,"column":51}},"1":{"start":{"line":3,"column":0},"end":{"line":3,"column":80}},"2":{"start":{"line":7,"column":13},"end":{"line":96,"column":2}},"3":{"start":{"line":13,"column":4},"end":{"line":17,"column":32}},"4":{"start":{"line":14,"column":20},"end":{"line":14,"column":50}},"5":{"start":{"line":15,"column":21},"end":{"line":15,"column":56}},"6":{"start":{"line":16,"column":6},"end":{"line":16,"column":60}},"7":{"start":{"line":17,"column":20},"end":{"line":17,"column":30}},"8":{"start":{"line":25,"column":4},"end":{"line":33,"column":32}},"9":{"start":{"line":26,"column":21},"end":{"line":26,"column":56}},"10":{"start":{"line":27,"column":6},"end":{"line":30,"column":7}},"11":{"start":{"line":28,"column":8},"end":{"line":28,"column":104}},"12":{"start":{"line":29,"column":8},"end":{"line":29,"column":15}},"13":{"start":{"line":31,"column":21},"end":{"line":31,"column":61}},"14":{"start":{"line":32,"column":6},"end":{"line":32,"column":60}},"15":{"start":{"line":33,"column":20},"end":{"line":33,"column":30}},"16":{"start":{"line":41,"column":4},"end":{"line":44,"column":32}},"17":{"start":{"line":42,"column":21},"end":{"line":42,"column":69}},"18":{"start":{"line":43,"column":6},"end":{"line":43,"column":60}},"19":{"start":{"line":44,"column":20},"end":{"line":44,"column":30}},"20":{"start":{"line":52,"column":4},"end":{"line":60,"column":32}},"21":{"start":{"line":53,"column":21},"end":{"line":53,"column":56}},"22":{"start":{"line":54,"column":6},"end":{"line":57,"column":7}},"23":{"start":{"line":55,"column":8},"end":{"line":55,"column":104}},"24":{"start":{"line":56,"column":8},"end":{"line":56,"column":15}},"25":{"start":{"line":58,"column":21},"end":{"line":58,"column":80}},"26":{"start":{"line":59,"column":6},"end":{"line":59,"column":60}},"27":{"start":{"line":60,"column":20},"end":{"line":60,"column":30}},"28":{"start":{"line":68,"column":4},"end":{"line":71,"column":32}},"29":{"start":{"line":69,"column":21},"end":{"line":69,"column":82}},"30":{"start":{"line":70,"column":6},"end":{"line":70,"column":60}},"31":{"start":{"line":71,"column":20},"end":{"line":71,"column":30}},"32":{"start":{"line":79,"column":4},"end":{"line":82,"column":32}},"33":{"start":{"line":80,"column":21},"end":{"line":80,"column":68}},"34":{"start":{"line":81,"column":6},"end":{"line":81,"column":60}},"35":{"start":{"line":82,"column":20},"end":{"line":82,"column":30}},"36":{"start":{"line":90,"column":4},"end":{"line":94,"column":32}},"37":{"start":{"line":91,"column":20},"end":{"line":91,"column":50}},"38":{"start":{"line":92,"column":21},"end":{"line":92,"column":83}},"39":{"start":{"line":93,"column":6},"end":{"line":93,"column":60}},"40":{"start":{"line":94,"column":20},"end":{"line":94,"column":30}}},"fnMap":{"0":{"name":"(anonymous_0)","decl":{"start":{"line":12,"column":2},"end":{"line":12,"column":7}},"loc":{"start":{"line":12,"column":64},"end":{"line":18,"column":3}}},"1":{"name":"(anonymous_1)","decl":{"start":{"line":24,"column":2},"end":{"line":24,"column":7}},"loc":{"start":{"line":24,"column":66},"end":{"line":34,"column":3}}},"2":{"name":"(anonymous_2)","decl":{"start":{"line":40,"column":2},"end":{"line":40,"column":7}},"loc":{"start":{"line":40,"column":67},"end":{"line":45,"column":3}}},"3":{"name":"(anonymous_3)","decl":{"start":{"line":51,"column":2},"end":{"line":51,"column":7}},"loc":{"start":{"line":51,"column":66},"end":{"line":61,"column":3}}},"4":{"name":"(anonymous_4)","decl":{"start":{"line":67,"column":2},"end":{"line":67,"column":7}},"loc":{"start":{"line":67,"column":67},"end":{"line":72,"column":3}}},"5":{"name":"(anonymous_5)","decl":{"start":{"line":78,"column":2},"end":{"line":78,"column":7}},"loc":{"start":{"line":78,"column":67},"end":{"line":83,"column":3}}},"6":{"name":"(anonymous_6)","decl":{"start":{"line":89,"column":2},"end":{"line":89,"column":7}},"loc":{"start":{"line":89,"column":72},"end":{"line":95,"column":3}}}},"branchMap":{"0":{"loc":{"start":{"line":27,"column":6},"end":{"line":30,"column":7}},"type":"if","locations":[{"start":{"line":27,"column":6},"end":{"line":30,"column":7}}]},"1":{"loc":{"start":{"line":54,"column":6},"end":{"line":57,"column":7}},"type":"if","locations":[{"start":{"line":54,"column":6},"end":{"line":57,"column":7}}]}},"s":{"0":0,"1":0,"2":0,"3":0,"4":0,"5":0,"6":0,"7":0,"8":0,"9":0,"10":0,"11":0,"12":0,"13":0,"14":0,"15":0,"16":0,"17":0,"18":0,"19":0,"20":0,"21":0,"22":0,"23":0,"24":0,"25":0,"26":0,"27":0,"28":0,"29":0,"30":0,"31":0,"32":0,"33":0,"34":0,"35":0,"36":0,"37":0,"38":0,"39":0,"40":0},"f":{"0":0,"1":0,"2":0,"3":0,"4":0,"5":0,"6":0},"b":{"0":[0],"1":[0]}}
,"/home/runner/work/oms_national_food_control/oms_national_food_control/apps/api/src/modules/dealers/dealers.dto.ts": {"path":"/home/runner/work/oms_national_food_control/oms_national_food_control/apps/api/src/modules/dealers/dealers.dto.ts","statementMap":{"0":{"start":{"line":1,"column":0},"end":{"line":1,"column":24}},"1":{"start":{"line":4,"column":13},"end":{"line":12,"column":3}},"2":{"start":{"line":15,"column":13},"end":{"line":15,"column":57}},"3":{"start":{"line":18,"column":13},"end":{"line":23,"column":3}}},"fnMap":{},"branchMap":{},"s":{"0":0,"1":0,"2":0,"3":0},"f":{},"b":{}}
,"/home/runner/work/oms_national_food_control/oms_national_food_control/apps/api/src/modules/dealers/dealers.routes.ts": {"path":"/home/runner/work/oms_national_food_control/oms_national_food_control/apps/api/src/modules/dealers/dealers.routes.ts","statementMap":{"0":{"start":{"line":1,"column":0},"end":{"line":1,"column":33}},"1":{"start":{"line":2,"column":0},"end":{"line":2,"column":57}},"2":{"start":{"line":3,"column":0},"end":{"line":3,"column":66}},"3":{"start":{"line":4,"column":0},"end":{"line":4,"column":56}},"4":{"start":{"line":6,"column":15},"end":{"line":6,"column":23}},"5":{"start":{"line":8,"column":0},"end":{"line":8,"column":27}},"6":{"start":{"line":10,"column":0},"end":{"line":10,"column":100}},"7":{"start":{"line":11,"column":0},"end":{"line":11,"column":84}},"8":{"start":{"line":12,"column":0},"end":{"line":12,"column":116}},"9":{"start":{"line":13,"column":0},"end":{"line":13,"column":88}},"10":{"start":{"line":14,"column":0},"end":{"line":14,"column":96}},"11":{"start":{"line":15,"column":0},"end":{"line":15,"column":96}},"12":{"start":{"line":16,"column":0},"end":{"line":16,"column":115}},"13":{"start":{"line":18,"column":0},"end":{"line":18,"column":22}}},"fnMap":{},"branchMap":{},"s":{"0":0,"1":0,"2":0,"3":0,"4":0,"5":0,"6":0,"7":0,"8":0,"9":0,"10":0,"11":0,"12":0,"13":0},"f":{},"b":{}}
,"/home/runner/work/oms_national_food_control/oms_national_food_control/apps/api/src/modules/dealers/dealers.service.ts": {"path":"/home/runner/work/oms_national_food_control/oms_national_food_control/apps/api/src/modules/dealers/dealers.service.ts","statementMap":{"0":{"start":{"line":1,"column":0},"end":{"line":1,"column":42}},"1":{"start":{"line":5,"column":13},"end":{"line":106,"column":2}},"2":{"start":{"line":10,"column":44},"end":{"line":10,"column":49}},"3":{"start":{"line":11,"column":17},"end":{"line":11,"column":35}},"4":{"start":{"line":13,"column":18},"end":{"line":22,"column":6}},"5":{"start":{"line":24,"column":26},"end":{"line":27,"column":6}},"6":{"start":{"line":29,"column":4},"end":{"line":29,"column":77}},"7":{"start":{"line":36,"column":21},"end":{"line":36,"column":96}},"8":{"start":{"line":37,"column":4},"end":{"line":39,"column":5}},"9":{"start":{"line":38,"column":6},"end":{"line":38,"column":119}},"10":{"start":{"line":40,"column":4},"end":{"line":40,"column":49}},"11":{"start":{"line":47,"column":19},"end":{"line":47,"column":68}},"12":{"start":{"line":48,"column":4},"end":{"line":50,"column":5}},"13":{"start":{"line":49,"column":6},"end":{"line":49,"column":97}},"14":{"start":{"line":51,"column":4},"end":{"line":51,"column":18}},"15":{"start":{"line":58,"column":4},"end":{"line":58,"column":28}},"16":{"start":{"line":59,"column":4},"end":{"line":59,"column":64}},"17":{"start":{"line":66,"column":19},"end":{"line":66,"column":42}},"18":{"start":{"line":67,"column":4},"end":{"line":69,"column":5}},"19":{"start":{"line":68,"column":6},"end":{"line":68,"column":122}},"20":{"start":{"line":70,"column":4},"end":{"line":73,"column":7}},"21":{"start":{"line":80,"column":19},"end":{"line":80,"column":42}},"22":{"start":{"line":81,"column":4},"end":{"line":83,"column":5}},"23":{"start":{"line":82,"column":6},"end":{"line":82,"column":122}},"24":{"start":{"line":84,"column":4},"end":{"line":84,"column":82}},"25":{"start":{"line":91,"column":28},"end":{"line":91,"column":33}},"26":{"start":{"line":92,"column":17},"end":{"line":92,"column":35}},"27":{"start":{"line":94,"column":26},"end":{"line":102,"column":6}},"28":{"start":{"line":104,"column":4},"end":{"line":104,"column":77}}},"fnMap":{"0":{"name":"(anonymous_0)","decl":{"start":{"line":9,"column":2},"end":{"line":9,"column":7}},"loc":{"start":{"line":9,"column":38},"end":{"line":30,"column":3}}},"1":{"name":"(anonymous_1)","decl":{"start":{"line":35,"column":2},"end":{"line":35,"column":7}},"loc":{"start":{"line":35,"column":39},"end":{"line":41,"column":3}}},"2":{"name":"(anonymous_2)","decl":{"start":{"line":46,"column":2},"end":{"line":46,"column":7}},"loc":{"start":{"line":46,"column":27},"end":{"line":52,"column":3}}},"3":{"name":"(anonymous_3)","decl":{"start":{"line":57,"column":2},"end":{"line":57,"column":7}},"loc":{"start":{"line":57,"column":51},"end":{"line":60,"column":3}}},"4":{"name":"(anonymous_4)","decl":{"start":{"line":65,"column":2},"end":{"line":65,"column":7}},"loc":{"start":{"line":65,"column":46},"end":{"line":74,"column":3}}},"5":{"name":"(anonymous_5)","decl":{"start":{"line":79,"column":2},"end":{"line":79,"column":7}},"loc":{"start":{"line":79,"column":26},"end":{"line":85,"column":3}}},"6":{"name":"(anonymous_6)","decl":{"start":{"line":90,"column":2},"end":{"line":90,"column":7}},"loc":{"start":{"line":90,"column":64},"end":{"line":105,"column":3}}}},"branchMap":{"0":{"loc":{"start":{"line":14,"column":10},"end":{"line":14,"column":34}},"type":"cond-expr","locations":[{"start":{"line":14,"column":19},"end":{"line":14,"column":29}},{"start":{"line":14,"column":32},"end":{"line":14,"column":34}}]},"1":{"loc":{"start":{"line":15,"column":10},"end":{"line":21,"column":12}},"type":"cond-expr","locations":[{"start":{"line":15,"column":19},"end":{"line":21,"column":8}},{"start":{"line":21,"column":10},"end":{"line":21,"column":12}}]},"2":{"loc":{"start":{"line":37,"column":4},"end":{"line":39,"column":5}},"type":"if","locations":[{"start":{"line":37,"column":4},"end":{"line":39,"column":5}}]},"3":{"loc":{"start":{"line":48,"column":4},"end":{"line":50,"column":5}},"type":"if","locations":[{"start":{"line":48,"column":4},"end":{"line":50,"column":5}}]},"4":{"loc":{"start":{"line":67,"column":4},"end":{"line":69,"column":5}},"type":"if","locations":[{"start":{"line":67,"column":4},"end":{"line":69,"column":5}}]},"5":{"loc":{"start":{"line":81,"column":4},"end":{"line":83,"column":5}},"type":"if","locations":[{"start":{"line":81,"column":4},"end":{"line":83,"column":5}}]}},"s":{"0":0,"1":0,"2":0,"3":0,"4":0,"5":0,"6":0,"7":0,"8":0,"9":0,"10":0,"11":0,"12":0,"13":0,"14":0,"15":0,"16":0,"17":0,"18":0,"19":0,"20":0,"21":0,"22":0,"23":0,"24":0,"25":0,"26":0,"27":0,"28":0},"f":{"0":0,"1":0,"2":0,"3":0,"4":0,"5":0,"6":0},"b":{"0":[0,0],"1":[0,0],"2":[0],"3":[0],"4":[0],"5":[0]}}
,"/home/runner/work/oms_national_food_control/oms_national_food_control/apps/api/src/modules/distribution/distribution.controller.ts": {"path":"/home/runner/work/oms_national_food_control/oms_national_food_control/apps/api/src/modules/distribution/distribution.controller.ts","statementMap":{"0":{"start":{"line":2,"column":0},"end":{"line":2,"column":61}},"1":{"start":{"line":3,"column":0},"end":{"line":3,"column":83}},"2":{"start":{"line":7,"column":13},"end":{"line":88,"column":2}},"3":{"start":{"line":10,"column":4},"end":{"line":19,"column":32}},"4":{"start":{"line":11,"column":21},"end":{"line":11,"column":50}},"5":{"start":{"line":12,"column":6},"end":{"line":15,"column":7}},"6":{"start":{"line":13,"column":8},"end":{"line":13,"column":104}},"7":{"start":{"line":14,"column":8},"end":{"line":14,"column":15}},"8":{"start":{"line":16,"column":60},"end":{"line":16,"column":71}},"9":{"start":{"line":17,"column":21},"end":{"line":17,"column":96}},"10":{"start":{"line":18,"column":6},"end":{"line":18,"column":60}},"11":{"start":{"line":19,"column":20},"end":{"line":19,"column":30}},"12":{"start":{"line":24,"column":4},"end":{"line":32,"column":32}},"13":{"start":{"line":25,"column":21},"end":{"line":25,"column":52}},"14":{"start":{"line":26,"column":6},"end":{"line":29,"column":7}},"15":{"start":{"line":27,"column":8},"end":{"line":27,"column":104}},"16":{"start":{"line":28,"column":8},"end":{"line":28,"column":15}},"17":{"start":{"line":30,"column":27},"end":{"line":30,"column":74}},"18":{"start":{"line":31,"column":6},"end":{"line":31,"column":66}},"19":{"start":{"line":32,"column":20},"end":{"line":32,"column":30}},"20":{"start":{"line":37,"column":4},"end":{"line":45,"column":32}},"21":{"start":{"line":38,"column":21},"end":{"line":38,"column":53}},"22":{"start":{"line":39,"column":6},"end":{"line":42,"column":7}},"23":{"start":{"line":40,"column":8},"end":{"line":40,"column":104}},"24":{"start":{"line":41,"column":8},"end":{"line":41,"column":15}},"25":{"start":{"line":43,"column":21},"end":{"line":43,"column":69}},"26":{"start":{"line":44,"column":6},"end":{"line":44,"column":60}},"27":{"start":{"line":45,"column":20},"end":{"line":45,"column":30}},"28":{"start":{"line":50,"column":4},"end":{"line":58,"column":32}},"29":{"start":{"line":51,"column":21},"end":{"line":51,"column":48}},"30":{"start":{"line":52,"column":6},"end":{"line":55,"column":7}},"31":{"start":{"line":53,"column":8},"end":{"line":53,"column":104}},"32":{"start":{"line":54,"column":8},"end":{"line":54,"column":15}},"33":{"start":{"line":56,"column":22},"end":{"line":56,"column":65}},"34":{"start":{"line":57,"column":6},"end":{"line":57,"column":61}},"35":{"start":{"line":58,"column":20},"end":{"line":58,"column":30}},"36":{"start":{"line":66,"column":4},"end":{"line":66,"column":55}},"37":{"start":{"line":67,"column":4},"end":{"line":67,"column":47}},"38":{"start":{"line":68,"column":4},"end":{"line":68,"column":46}},"39":{"start":{"line":69,"column":4},"end":{"line":69,"column":23}},"40":{"start":{"line":71,"column":21},"end":{"line":78,"column":5}},"41":{"start":{"line":72,"column":6},"end":{"line":77,"column":7}},"42":{"start":{"line":73,"column":21},"end":{"line":73,"column":60}},"43":{"start":{"line":74,"column":8},"end":{"line":74,"column":55}},"44":{"start":{"line":76,"column":8},"end":{"line":76,"column":73}},"45":{"start":{"line":80,"column":4},"end":{"line":80,"column":21}},"46":{"start":{"line":81,"column":21},"end":{"line":81,"column":48}},"47":{"start":{"line":83,"column":4},"end":{"line":86,"column":7}},"48":{"start":{"line":84,"column":6},"end":{"line":84,"column":30}},"49":{"start":{"line":85,"column":6},"end":{"line":85,"column":16}}},"fnMap":{"0":{"name":"(anonymous_0)","decl":{"start":{"line":9,"column":2},"end":{"line":9,"column":7}},"loc":{"start":{"line":9,"column":66},"end":{"line":20,"column":3}}},"1":{"name":"(anonymous_1)","decl":{"start":{"line":23,"column":2},"end":{"line":23,"column":7}},"loc":{"start":{"line":23,"column":68},"end":{"line":33,"column":3}}},"2":{"name":"(anonymous_2)","decl":{"start":{"line":36,"column":2},"end":{"line":36,"column":7}},"loc":{"start":{"line":36,"column":69},"end":{"line":46,"column":3}}},"3":{"name":"(anonymous_3)","decl":{"start":{"line":49,"column":2},"end":{"line":49,"column":7}},"loc":{"start":{"line":49,"column":64},"end":{"line":59,"column":3}}},"4":{"name":"(anonymous_4)","decl":{"start":{"line":65,"column":2},"end":{"line":65,"column":7}},"loc":{"start":{"line":65,"column":44},"end":{"line":87,"column":3}}},"5":{"name":"(anonymous_5)","decl":{"start":{"line":71,"column":21},"end":{"line":71,"column":26}},"loc":{"start":{"line":71,"column":32},"end":{"line":78,"column":5}}},"6":{"name":"(anonymous_6)","decl":{"start":{"line":83,"column":20},"end":{"line":83,"column":23}},"loc":{"start":{"line":83,"column":25},"end":{"line":86,"column":5}}}},"branchMap":{"0":{"loc":{"start":{"line":12,"column":6},"end":{"line":15,"column":7}},"type":"if","locations":[{"start":{"line":12,"column":6},"end":{"line":15,"column":7}}]},"1":{"loc":{"start":{"line":26,"column":6},"end":{"line":29,"column":7}},"type":"if","locations":[{"start":{"line":26,"column":6},"end":{"line":29,"column":7}}]},"2":{"loc":{"start":{"line":39,"column":6},"end":{"line":42,"column":7}},"type":"if","locations":[{"start":{"line":39,"column":6},"end":{"line":42,"column":7}}]},"3":{"loc":{"start":{"line":52,"column":6},"end":{"line":55,"column":7}},"type":"if","locations":[{"start":{"line":52,"column":6},"end":{"line":55,"column":7}}]}},"s":{"0":0,"1":0,"2":0,"3":0,"4":0,"5":0,"6":0,"7":0,"8":0,"9":0,"10":0,"11":0,"12":0,"13":0,"14":0,"15":0,"16":0,"17":0,"18":0,"19":0,"20":0,"21":0,"22":0,"23":0,"24":0,"25":0,"26":0,"27":0,"28":0,"29":0,"30":0,"31":0,"32":0,"33":0,"34":0,"35":0,"36":0,"37":0,"38":0,"39":0,"40":0,"41":0,"42":0,"43":0,"44":0,"45":0,"46":0,"47":0,"48":0,"49":0},"f":{"0":0,"1":0,"2":0,"3":0,"4":0,"5":0,"6":0},"b":{"0":[0],"1":[0],"2":[0],"3":[0]}}
,"/home/runner/work/oms_national_food_control/oms_national_food_control/apps/api/src/modules/distribution/distribution.dto.ts": {"path":"/home/runner/work/oms_national_food_control/oms_national_food_control/apps/api/src/modules/distribution/distribution.dto.ts","statementMap":{"0":{"start":{"line":1,"column":0},"end":{"line":1,"column":24}},"1":{"start":{"line":3,"column":13},"end":{"line":7,"column":3}},"2":{"start":{"line":9,"column":13},"end":{"line":17,"column":3}},"3":{"start":{"line":19,"column":13},"end":{"line":24,"column":3}},"4":{"start":{"line":26,"column":13},"end":{"line":37,"column":3}}},"fnMap":{},"branchMap":{},"s":{"0":0,"1":0,"2":0,"3":0,"4":0},"f":{},"b":{}}
,"/home/runner/work/oms_national_food_control/oms_national_food_control/apps/api/src/modules/distribution/distribution.routes.ts": {"path":"/home/runner/work/oms_national_food_control/oms_national_food_control/apps/api/src/modules/distribution/distribution.routes.ts","statementMap":{"0":{"start":{"line":1,"column":0},"end":{"line":1,"column":33}},"1":{"start":{"line":2,"column":0},"end":{"line":2,"column":67}},"2":{"start":{"line":3,"column":0},"end":{"line":3,"column":66}},"3":{"start":{"line":4,"column":0},"end":{"line":4,"column":56}},"4":{"start":{"line":6,"column":15},"end":{"line":6,"column":23}},"5":{"start":{"line":7,"column":0},"end":{"line":7,"column":27}},"6":{"start":{"line":9,"column":0},"end":{"line":9,"column":85}},"7":{"start":{"line":10,"column":0},"end":{"line":10,"column":89}},"8":{"start":{"line":11,"column":0},"end":{"line":11,"column":110}},"9":{"start":{"line":12,"column":0},"end":{"line":12,"column":81}},"10":{"start":{"line":13,"column":0},"end":{"line":13,"column":118}},"11":{"start":{"line":15,"column":0},"end":{"line":15,"column":22}}},"fnMap":{},"branchMap":{},"s":{"0":0,"1":0,"2":0,"3":0,"4":0,"5":0,"6":0,"7":0,"8":0,"9":0,"10":0,"11":0},"f":{},"b":{}}
,"/home/runner/work/oms_national_food_control/oms_national_food_control/apps/api/src/modules/distribution/distribution.service.ts": {"path":"/home/runner/work/oms_national_food_control/oms_national_food_control/apps/api/src/modules/distribution/distribution.service.ts","statementMap":{"0":{"start":{"line":1,"column":0},"end":{"line":1,"column":42}},"1":{"start":{"line":3,"column":0},"end":{"line":3,"column":36}},"2":{"start":{"line":6,"column":30},"end":{"line":6,"column":34}},"3":{"start":{"line":7,"column":28},"end":{"line":7,"column":32}},"4":{"start":{"line":13,"column":2},"end":{"line":13,"column":69}},"5":{"start":{"line":21,"column":21},"end":{"line":21,"column":31}},"6":{"start":{"line":22,"column":2},"end":{"line":22,"column":34}},"7":{"start":{"line":23,"column":19},"end":{"line":23,"column":29}},"8":{"start":{"line":24,"column":2},"end":{"line":24,"column":37}},"9":{"start":{"line":26,"column":19},"end":{"line":32,"column":4}},"10":{"start":{"line":34,"column":2},"end":{"line":34,"column":42}},"11":{"start":{"line":42,"column":23},"end":{"line":42,"column":33}},"12":{"start":{"line":43,"column":2},"end":{"line":43,"column":26}},"13":{"start":{"line":44,"column":2},"end":{"line":44,"column":36}},"14":{"start":{"line":46,"column":22},"end":{"line":46,"column":91}},"15":{"start":{"line":47,"column":2},"end":{"line":47,"column":32}},"16":{"start":{"line":47,"column":20},"end":{"line":47,"column":32}},"17":{"start":{"line":49,"column":24},"end":{"line":51,"column":4}},"18":{"start":{"line":53,"column":17},"end":{"line":53,"column":80}},"19":{"start":{"line":53,"column":50},"end":{"line":53,"column":76}},"20":{"start":{"line":54,"column":2},"end":{"line":54,"column":67}},"21":{"start":{"line":58,"column":13},"end":{"line":240,"column":2}},"22":{"start":{"line":64,"column":24},"end":{"line":64,"column":91}},"23":{"start":{"line":65,"column":4},"end":{"line":67,"column":5}},"24":{"start":{"line":66,"column":6},"end":{"line":66,"column":114}},"25":{"start":{"line":70,"column":25},"end":{"line":70,"column":66}},"26":{"start":{"line":71,"column":4},"end":{"line":73,"column":5}},"27":{"start":{"line":72,"column":6},"end":{"line":72,"column":88}},"28":{"start":{"line":76,"column":4},"end":{"line":82,"column":5}},"29":{"start":{"line":77,"column":6},"end":{"line":77,"column":68}},"30":{"start":{"line":78,"column":11},"end":{"line":82,"column":5}},"31":{"start":{"line":79,"column":6},"end":{"line":79,"column":78}},"32":{"start":{"line":81,"column":6},"end":{"line":81,"column":86}},"33":{"start":{"line":91,"column":25},"end":{"line":91,"column":71}},"34":{"start":{"line":92,"column":4},"end":{"line":106,"column":5}},"35":{"start":{"line":94,"column":6},"end":{"line":101,"column":9}},"36":{"start":{"line":102,"column":6},"end":{"line":105,"column":8}},"37":{"start":{"line":109,"column":26},"end":{"line":109,"column":88}},"38":{"start":{"line":110,"column":4},"end":{"line":115,"column":5}},"39":{"start":{"line":111,"column":6},"end":{"line":114,"column":8}},"40":{"start":{"line":118,"column":43},"end":{"line":118,"column":53}},"41":{"start":{"line":119,"column":4},"end":{"line":126,"column":5}},"42":{"start":{"line":120,"column":6},"end":{"line":122,"column":7}},"43":{"start":{"line":121,"column":8},"end":{"line":121,"column":133}},"44":{"start":{"line":123,"column":6},"end":{"line":125,"column":7}},"45":{"start":{"line":124,"column":8},"end":{"line":124,"column":29}},"46":{"start":{"line":128,"column":18},"end":{"line":128,"column":33}},"47":{"start":{"line":129,"column":25},"end":{"line":142,"column":6}},"48":{"start":{"line":144,"column":4},"end":{"line":144,"column":24}},"49":{"start":{"line":152,"column":18},"end":{"line":152,"column":33}},"50":{"start":{"line":153,"column":4},"end":{"line":164,"column":7}},"51":{"start":{"line":172,"column":20},"end":{"line":172,"column":22}},"52":{"start":{"line":174,"column":4},"end":{"line":226,"column":5}},"53":{"start":{"line":175,"column":6},"end":{"line":225,"column":7}},"54":{"start":{"line":177,"column":29},"end":{"line":177,"column":74}},"55":{"start":{"line":178,"column":8},"end":{"line":190,"column":9}},"56":{"start":{"line":180,"column":10},"end":{"line":187,"column":13}},"57":{"start":{"line":188,"column":10},"end":{"line":188,"column":80}},"58":{"start":{"line":189,"column":10},"end":{"line":189,"column":19}},"59":{"start":{"line":192,"column":30},"end":{"line":192,"column":90}},"60":{"start":{"line":193,"column":8},"end":{"line":204,"column":9}},"61":{"start":{"line":194,"column":10},"end":{"line":201,"column":13}},"62":{"start":{"line":202,"column":10},"end":{"line":202,"column":79}},"63":{"start":{"line":203,"column":10},"end":{"line":203,"column":19}},"64":{"start":{"line":206,"column":22},"end":{"line":206,"column":37}},"65":{"start":{"line":207,"column":8},"end":{"line":221,"column":11}},"66":{"start":{"line":222,"column":8},"end":{"line":222,"column":56}},"67":{"start":{"line":224,"column":8},"end":{"line":224,"column":68}},"68":{"start":{"line":228,"column":4},"end":{"line":228,"column":19}},"69":{"start":{"line":235,"column":4},"end":{"line":238,"column":7}}},"fnMap":{"0":{"name":"generateTxnId","decl":{"start":{"line":12,"column":9},"end":{"line":12,"column":22}},"loc":{"start":{"line":12,"column":22},"end":{"line":14,"column":1}}},"1":{"name":"checkDuplicateToday","decl":{"start":{"line":20,"column":15},"end":{"line":20,"column":34}},"loc":{"start":{"line":20,"column":56},"end":{"line":35,"column":1}}},"2":{"name":"checkMonthlyQuota","decl":{"start":{"line":41,"column":15},"end":{"line":41,"column":32}},"loc":{"start":{"line":41,"column":75},"end":{"line":55,"column":1}}},"3":{"name":"(anonymous_3)","decl":{"start":{"line":53,"column":38},"end":{"line":53,"column":39}},"loc":{"start":{"line":53,"column":50},"end":{"line":53,"column":76}}},"4":{"name":"(anonymous_4)","decl":{"start":{"line":63,"column":2},"end":{"line":63,"column":7}},"loc":{"start":{"line":63,"column":80},"end":{"line":83,"column":3}}},"5":{"name":"(anonymous_5)","decl":{"start":{"line":89,"column":2},"end":{"line":89,"column":7}},"loc":{"start":{"line":89,"column":37},"end":{"line":145,"column":3}}},"6":{"name":"(anonymous_6)","decl":{"start":{"line":151,"column":2},"end":{"line":151,"column":7}},"loc":{"start":{"line":151,"column":39},"end":{"line":165,"column":3}}},"7":{"name":"(anonymous_7)","decl":{"start":{"line":171,"column":2},"end":{"line":171,"column":7}},"loc":{"start":{"line":171,"column":29},"end":{"line":229,"column":3}}},"8":{"name":"(anonymous_8)","decl":{"start":{"line":234,"column":2},"end":{"line":234,"column":7}},"loc":{"start":{"line":234,"column":19},"end":{"line":239,"column":3}}}},"branchMap":{"0":{"loc":{"start":{"line":34,"column":9},"end":{"line":34,"column":41}},"type":"cond-expr","locations":[{"start":{"line":34,"column":20},"end":{"line":34,"column":34}},{"start":{"line":34,"column":37},"end":{"line":34,"column":41}}]},"1":{"loc":{"start":{"line":47,"column":2},"end":{"line":47,"column":32}},"type":"if","locations":[{"start":{"line":47,"column":2},"end":{"line":47,"column":32}}]},"2":{"loc":{"start":{"line":65,"column":4},"end":{"line":67,"column":5}},"type":"if","locations":[{"start":{"line":65,"column":4},"end":{"line":67,"column":5}}]},"3":{"loc":{"start":{"line":65,"column":8},"end":{"line":65,"column":45}},"type":"binary-expr","locations":[{"start":{"line":65,"column":8},"end":{"line":65,"column":20}},{"start":{"line":65,"column":24},"end":{"line":65,"column":45}}]},"4":{"loc":{"start":{"line":71,"column":4},"end":{"line":73,"column":5}},"type":"if","locations":[{"start":{"line":71,"column":4},"end":{"line":73,"column":5}}]},"5":{"loc":{"start":{"line":76,"column":4},"end":{"line":82,"column":5}},"type":"if","locations":[{"start":{"line":76,"column":4},"end":{"line":82,"column":5}},{"start":{"line":78,"column":11},"end":{"line":82,"column":5}}]},"6":{"loc":{"start":{"line":78,"column":11},"end":{"line":82,"column":5}},"type":"if","locations":[{"start":{"line":78,"column":11},"end":{"line":82,"column":5}},{"start":{"line":80,"column":11},"end":{"line":82,"column":5}}]},"7":{"loc":{"start":{"line":92,"column":4},"end":{"line":106,"column":5}},"type":"if","locations":[{"start":{"line":92,"column":4},"end":{"line":106,"column":5}}]},"8":{"loc":{"start":{"line":110,"column":4},"end":{"line":115,"column":5}},"type":"if","locations":[{"start":{"line":110,"column":4},"end":{"line":115,"column":5}}]},"9":{"loc":{"start":{"line":119,"column":4},"end":{"line":126,"column":5}},"type":"if","locations":[{"start":{"line":119,"column":4},"end":{"line":126,"column":5}}]},"10":{"loc":{"start":{"line":119,"column":8},"end":{"line":119,"column":81}},"type":"binary-expr","locations":[{"start":{"line":119,"column":8},"end":{"line":119,"column":43}},{"start":{"line":119,"column":47},"end":{"line":119,"column":81}}]},"11":{"loc":{"start":{"line":120,"column":6},"end":{"line":122,"column":7}},"type":"if","locations":[{"start":{"line":120,"column":6},"end":{"line":122,"column":7}}]},"12":{"loc":{"start":{"line":123,"column":6},"end":{"line":125,"column":7}},"type":"if","locations":[{"start":{"line":123,"column":6},"end":{"line":125,"column":7}}]},"13":{"loc":{"start":{"line":178,"column":8},"end":{"line":190,"column":9}},"type":"if","locations":[{"start":{"line":178,"column":8},"end":{"line":190,"column":9}}]},"14":{"loc":{"start":{"line":193,"column":8},"end":{"line":204,"column":9}},"type":"if","locations":[{"start":{"line":193,"column":8},"end":{"line":204,"column":9}}]}},"s":{"0":1,"1":1,"2":1,"3":1,"4":3,"5":7,"6":7,"7":7,"8":7,"9":7,"10":7,"11":5,"12":5,"13":5,"14":5,"15":5,"16":0,"17":5,"18":5,"19":1,"20":5,"21":1,"22":0,"23":0,"24":0,"25":0,"26":0,"27":0,"28":0,"29":0,"30":0,"31":0,"32":0,"33":6,"34":6,"35":1,"36":1,"37":5,"38":5,"39":1,"40":4,"41":4,"42":4,"43":1,"44":3,"45":1,"46":3,"47":3,"48":3,"49":0,"50":0,"51":1,"52":1,"53":1,"54":1,"55":1,"56":1,"57":1,"58":1,"59":0,"60":0,"61":0,"62":0,"63":0,"64":0,"65":0,"66":0,"67":0,"68":1,"69":0},"f":{"0":3,"1":7,"2":5,"3":1,"4":0,"5":6,"6":0,"7":1,"8":0},"b":{"0":[2,5],"1":[0],"2":[0],"3":[0,0],"4":[0],"5":[0,0],"6":[0,0],"7":[1],"8":[1],"9":[4],"10":[4,4],"11":[1],"12":[1],"13":[1],"14":[0]}}
,"/home/runner/work/oms_national_food_control/oms_national_food_control/apps/api/src/modules/notifications/notifications.controller.ts": {"path":"/home/runner/work/oms_national_food_control/oms_national_food_control/apps/api/src/modules/notifications/notifications.controller.ts","statementMap":{"0":{"start":{"line":2,"column":0},"end":{"line":2,"column":63}},"1":{"start":{"line":6,"column":13},"end":{"line":37,"column":2}},"2":{"start":{"line":9,"column":4},"end":{"line":17,"column":32}},"3":{"start":{"line":10,"column":43},"end":{"line":10,"column":107}},"4":{"start":{"line":11,"column":6},"end":{"line":14,"column":7}},"5":{"start":{"line":12,"column":8},"end":{"line":12,"column":127}},"6":{"start":{"line":13,"column":8},"end":{"line":13,"column":15}},"7":{"start":{"line":15,"column":18},"end":{"line":15,"column":78}},"8":{"start":{"line":16,"column":6},"end":{"line":16,"column":57}},"9":{"start":{"line":17,"column":20},"end":{"line":17,"column":30}},"10":{"start":{"line":22,"column":4},"end":{"line":27,"column":32}},"11":{"start":{"line":23,"column":19},"end":{"line":23,"column":61}},"12":{"start":{"line":24,"column":20},"end":{"line":24,"column":64}},"13":{"start":{"line":25,"column":19},"end":{"line":25,"column":68}},"14":{"start":{"line":26,"column":6},"end":{"line":26,"column":52}},"15":{"start":{"line":27,"column":20},"end":{"line":27,"column":30}},"16":{"start":{"line":32,"column":4},"end":{"line":35,"column":32}},"17":{"start":{"line":33,"column":19},"end":{"line":33,"column":57}},"18":{"start":{"line":34,"column":6},"end":{"line":34,"column":52}},"19":{"start":{"line":35,"column":20},"end":{"line":35,"column":30}}},"fnMap":{"0":{"name":"(anonymous_0)","decl":{"start":{"line":8,"column":2},"end":{"line":8,"column":7}},"loc":{"start":{"line":8,"column":67},"end":{"line":18,"column":3}}},"1":{"name":"(anonymous_1)","decl":{"start":{"line":21,"column":2},"end":{"line":21,"column":7}},"loc":{"start":{"line":21,"column":66},"end":{"line":28,"column":3}}},"2":{"name":"(anonymous_2)","decl":{"start":{"line":31,"column":2},"end":{"line":31,"column":7}},"loc":{"start":{"line":31,"column":66},"end":{"line":36,"column":3}}}},"branchMap":{"0":{"loc":{"start":{"line":11,"column":6},"end":{"line":14,"column":7}},"type":"if","locations":[{"start":{"line":11,"column":6},"end":{"line":14,"column":7}}]},"1":{"loc":{"start":{"line":11,"column":10},"end":{"line":11,"column":41}},"type":"binary-expr","locations":[{"start":{"line":11,"column":10},"end":{"line":11,"column":20}},{"start":{"line":11,"column":24},"end":{"line":11,"column":32}},{"start":{"line":11,"column":36},"end":{"line":11,"column":41}}]},"2":{"loc":{"start":{"line":23,"column":19},"end":{"line":23,"column":61}},"type":"binary-expr","locations":[{"start":{"line":23,"column":19},"end":{"line":23,"column":56}},{"start":{"line":23,"column":60},"end":{"line":23,"column":61}}]},"3":{"loc":{"start":{"line":24,"column":20},"end":{"line":24,"column":64}},"type":"binary-expr","locations":[{"start":{"line":24,"column":20},"end":{"line":24,"column":58}},{"start":{"line":24,"column":62},"end":{"line":24,"column":64}}]}},"s":{"0":0,"1":0,"2":0,"3":0,"4":0,"5":0,"6":0,"7":0,"8":0,"9":0,"10":0,"11":0,"12":0,"13":0,"14":0,"15":0,"16":0,"17":0,"18":0,"19":0},"f":{"0":0,"1":0,"2":0},"b":{"0":[0],"1":[0,0,0],"2":[0,0],"3":[0,0]}}
,"/home/runner/work/oms_national_food_control/oms_national_food_control/apps/api/src/modules/notifications/notifications.routes.ts": {"path":"/home/runner/work/oms_national_food_control/oms_national_food_control/apps/api/src/modules/notifications/notifications.routes.ts","statementMap":{"0":{"start":{"line":1,"column":0},"end":{"line":1,"column":33}},"1":{"start":{"line":2,"column":0},"end":{"line":2,"column":69}},"2":{"start":{"line":3,"column":0},"end":{"line":3,"column":66}},"3":{"start":{"line":4,"column":0},"end":{"line":4,"column":56}},"4":{"start":{"line":6,"column":15},"end":{"line":6,"column":23}},"5":{"start":{"line":7,"column":0},"end":{"line":7,"column":27}},"6":{"start":{"line":9,"column":0},"end":{"line":9,"column":118}},"7":{"start":{"line":10,"column":0},"end":{"line":10,"column":96}},"8":{"start":{"line":11,"column":0},"end":{"line":11,"column":127}},"9":{"start":{"line":13,"column":0},"end":{"line":13,"column":22}}},"fnMap":{},"branchMap":{},"s":{"0":0,"1":0,"2":0,"3":0,"4":0,"5":0,"6":0,"7":0,"8":0,"9":0},"f":{},"b":{}}
,"/home/runner/work/oms_national_food_control/oms_national_food_control/apps/api/src/modules/notifications/notifications.service.ts": {"path":"/home/runner/work/oms_national_food_control/oms_national_food_control/apps/api/src/modules/notifications/notifications.service.ts","statementMap":{"0":{"start":{"line":1,"column":0},"end":{"line":1,"column":42}},"1":{"start":{"line":2,"column":0},"end":{"line":2,"column":42}},"2":{"start":{"line":5,"column":13},"end":{"line":59,"column":2}},"3":{"start":{"line":11,"column":4},"end":{"line":11,"column":52}},"4":{"start":{"line":14,"column":19},"end":{"line":14,"column":25}},"5":{"start":{"line":16,"column":4},"end":{"line":18,"column":7}},"6":{"start":{"line":25,"column":17},"end":{"line":25,"column":35}},"7":{"start":{"line":26,"column":26},"end":{"line":29,"column":6}},"8":{"start":{"line":30,"column":4},"end":{"line":30,"column":77}},"9":{"start":{"line":37,"column":18},"end":{"line":37,"column":28}},"10":{"start":{"line":38,"column":4},"end":{"line":38,"column":31}},"11":{"start":{"line":40,"column":59},"end":{"line":44,"column":6}},"12":{"start":{"line":46,"column":19},"end":{"line":46,"column":21}},"13":{"start":{"line":47,"column":4},"end":{"line":49,"column":5}},"14":{"start":{"line":48,"column":6},"end":{"line":48,"column":149}},"15":{"start":{"line":50,"column":4},"end":{"line":52,"column":5}},"16":{"start":{"line":51,"column":6},"end":{"line":51,"column":121}},"17":{"start":{"line":53,"column":4},"end":{"line":55,"column":5}},"18":{"start":{"line":54,"column":6},"end":{"line":54,"column":123}},"19":{"start":{"line":57,"column":4},"end":{"line":57,"column":18}}},"fnMap":{"0":{"name":"(anonymous_0)","decl":{"start":{"line":10,"column":2},"end":{"line":10,"column":7}},"loc":{"start":{"line":10,"column":64},"end":{"line":19,"column":3}}},"1":{"name":"(anonymous_1)","decl":{"start":{"line":24,"column":2},"end":{"line":24,"column":7}},"loc":{"start":{"line":24,"column":45},"end":{"line":31,"column":3}}},"2":{"name":"(anonymous_2)","decl":{"start":{"line":36,"column":2},"end":{"line":36,"column":7}},"loc":{"start":{"line":36,"column":17},"end":{"line":58,"column":3}}}},"branchMap":{"0":{"loc":{"start":{"line":47,"column":4},"end":{"line":49,"column":5}},"type":"if","locations":[{"start":{"line":47,"column":4},"end":{"line":49,"column":5}}]},"1":{"loc":{"start":{"line":50,"column":4},"end":{"line":52,"column":5}},"type":"if","locations":[{"start":{"line":50,"column":4},"end":{"line":52,"column":5}}]},"2":{"loc":{"start":{"line":53,"column":4},"end":{"line":55,"column":5}},"type":"if","locations":[{"start":{"line":53,"column":4},"end":{"line":55,"column":5}}]}},"s":{"0":0,"1":0,"2":0,"3":0,"4":0,"5":0,"6":0,"7":0,"8":0,"9":0,"10":0,"11":0,"12":0,"13":0,"14":0,"15":0,"16":0,"17":0,"18":0,"19":0},"f":{"0":0,"1":0,"2":0},"b":{"0":[0],"1":[0],"2":[0]}}
}
