TN:
SF:src/app.ts
FN:67,(anonymous_1)
FN:72,(anonymous_2)
FN:77,(anonymous_3)
FN:85,(anonymous_4)
FNF:4
FNH:0
FNDA:0,(anonymous_1)
FNDA:0,(anonymous_2)
FNDA:0,(anonymous_3)
FNDA:0,(anonymous_4)
DA:1,0
DA:2,0
DA:3,0
DA:4,0
DA:5,0
DA:6,0
DA:7,0
DA:8,0
DA:9,0
DA:10,0
DA:11,0
DA:12,0
DA:13,0
DA:14,0
DA:15,0
DA:17,0
DA:20,0
DA:21,0
DA:22,0
DA:25,0
DA:30,0
DA:33,0
DA:34,0
DA:37,0
DA:54,0
DA:55,0
DA:58,0
DA:59,0
DA:60,0
DA:61,0
DA:62,0
DA:63,0
DA:64,0
DA:67,0
DA:68,0
DA:72,0
DA:73,0
DA:77,0
DA:78,0
DA:79,0
DA:80,0
DA:81,0
DA:84,0
DA:85,0
DA:86,0
DA:87,0
DA:90,0
LF:47
LH:0
BRDA:21,0,0,0
BRDA:21,0,1,0
BRDA:78,1,0,0
BRDA:78,1,1,0
BRDA:79,2,0,0
BRDA:79,2,1,0
BRDA:84,3,0,0
BRDA:84,3,1,0
BRF:8
BRH:0
end_of_record
TN:
SF:src/lib/logger.ts
FNF:0
FNH:0
DA:1,0
DA:4,0
LF:2
LH:0
BRDA:5,0,0,0
BRDA:5,0,1,0
BRF:2
BRH:0
end_of_record
TN:
SF:src/lib/prisma.ts
FNF:0
FNH:0
DA:1,0
DA:4,0
DA:6,0
DA:12,0
LF:4
LH:0
BRDA:7,0,0,0
BRDA:7,0,1,0
BRDA:9,1,0,0
BRDA:9,1,1,0
BRDA:12,2,0,0
BRF:5
BRH:0
end_of_record
TN:
SF:src/lib/queue.ts
FN:19,(anonymous_0)
FN:27,(anonymous_1)
FN:31,(anonymous_2)
FNF:3
FNH:0
FNDA:0,(anonymous_0)
FNDA:0,(anonymous_1)
FNDA:0,(anonymous_2)
DA:1,0
DA:2,0
DA:5,0
DA:8,0
DA:11,0
DA:17,0
DA:20,0
DA:22,0
DA:27,0
DA:28,0
DA:31,0
DA:32,0
LF:12
LH:0
BRF:0
BRH:0
end_of_record
TN:
SF:src/lib/redis.ts
FN:8,(anonymous_1)
FN:14,(anonymous_2)
FN:15,(anonymous_3)
FNF:3
FNH:0
FNDA:0,(anonymous_1)
FNDA:0,(anonymous_2)
FNDA:0,(anonymous_3)
DA:1,0
DA:2,0
DA:5,0
DA:9,0
DA:10,0
DA:14,0
DA:15,0
LF:7
LH:0
BRDA:5,0,0,0
BRDA:5,0,1,0
BRF:2
BRH:0
end_of_record
TN:
SF:src/middleware/audit.middleware.ts
FN:14,auditMiddleware
FN:17,(anonymous_1)
FN:19,(anonymous_2)
FNF:3
FNH:0
FNDA:0,auditMiddleware
FNDA:0,(anonymous_1)
FNDA:0,(anonymous_2)
DA:3,0
DA:4,0
DA:5,0
DA:8,0
DA:14,0
DA:15,0
DA:17,0
DA:18,0
DA:19,0
DA:20,0
DA:21,0
DA:22,0
DA:23,0
DA:24,0
DA:25,0
DA:26,0
DA:28,0
DA:43,0
DA:47,0
DA:50,0
LF:20
LH:0
BRDA:18,0,0,0
BRDA:32,1,0,0
BRDA:32,1,1,0
BRDA:34,2,0,0
BRDA:34,2,1,0
BRDA:38,3,0,0
BRDA:38,3,1,0
BRF:7
BRH:0
end_of_record
TN:
SF:src/middleware/auth.middleware.ts
FN:18,authMiddleware
FNF:1
FNH:0
FNDA:0,authMiddleware
DA:2,0
DA:18,0
DA:19,0
DA:20,0
DA:21,0
DA:22,0
DA:25,0
DA:26,0
DA:27,0
DA:28,0
DA:29,0
DA:30,0
DA:31,0
DA:33,0
LF:14
LH:0
BRDA:20,0,0,0
BRDA:28,1,0,0
BRF:2
BRH:0
end_of_record
TN:
SF:src/middleware/rbac.middleware.ts
FN:9,rbac
FN:10,(anonymous_1)
FNF:2
FNH:0
FNDA:0,rbac
FNDA:0,(anonymous_1)
DA:9,0
DA:10,0
DA:11,0
DA:12,0
DA:13,0
DA:15,0
DA:16,0
DA:21,0
DA:23,0
LF:9
LH:0
BRDA:11,0,0,0
BRDA:15,1,0,0
BRF:2
BRH:0
end_of_record
TN:
SF:src/modules/analytics/analytics.controller.ts
FN:8,(anonymous_0)
FN:16,(anonymous_1)
FN:24,(anonymous_2)
FN:32,(anonymous_3)
FN:40,(anonymous_4)
FNF:5
FNH:0
FNDA:0,(anonymous_0)
FNDA:0,(anonymous_1)
FNDA:0,(anonymous_2)
FNDA:0,(anonymous_3)
FNDA:0,(anonymous_4)
DA:2,0
DA:6,0
DA:9,0
DA:10,0
DA:11,0
DA:12,0
DA:17,0
DA:18,0
DA:19,0
DA:20,0
DA:25,0
DA:26,0
DA:27,0
DA:28,0
DA:33,0
DA:34,0
DA:35,0
DA:36,0
DA:41,0
DA:42,0
DA:43,0
DA:44,0
LF:22
LH:0
BRF:0
BRH:0
end_of_record
TN:
SF:src/modules/analytics/analytics.routes.ts
FNF:0
FNH:0
DA:1,0
DA:2,0
DA:3,0
DA:4,0
DA:6,0
DA:7,0
DA:9,0
DA:10,0
DA:11,0
DA:12,0
DA:13,0
DA:15,0
LF:12
LH:0
BRF:0
BRH:0
end_of_record
TN:
SF:src/modules/analytics/analytics.service.ts
FN:8,(anonymous_0)
FN:32,(anonymous_1)
FN:42,(anonymous_2)
FN:48,(anonymous_3)
FN:54,(anonymous_4)
FN:61,(anonymous_5)
FN:71,(anonymous_6)
FN:78,(anonymous_7)
FN:90,(anonymous_8)
FN:102,(anonymous_9)
FNF:10
FNH:0
FNDA:0,(anonymous_0)
FNDA:0,(anonymous_1)
FNDA:0,(anonymous_2)
FNDA:0,(anonymous_3)
FNDA:0,(anonymous_4)
FNDA:0,(anonymous_5)
FNDA:0,(anonymous_6)
FNDA:0,(anonymous_7)
FNDA:0,(anonymous_8)
FNDA:0,(anonymous_9)
DA:1,0
DA:4,0
DA:9,0
DA:17,0
DA:19,0
DA:33,0
DA:34,0
DA:36,0
DA:42,0
DA:43,0
DA:44,0
DA:45,0
DA:48,0
DA:55,0
DA:61,0
DA:72,0
DA:78,0
DA:91,0
DA:92,0
DA:94,0
DA:102,0
LF:21
LH:0
BRDA:25,0,0,0
BRDA:25,0,1,0
BRDA:44,1,0,0
BRDA:44,1,1,0
BRDA:63,2,0,0
BRDA:63,2,1,0
BRDA:64,3,0,0
BRDA:64,3,1,0
BRDA:83,4,0,0
BRDA:83,4,1,0
BRDA:105,5,0,0
BRDA:105,5,1,0
BRF:12
BRH:0
end_of_record
TN:
SF:src/modules/audit/audit.controller.ts
FN:8,(anonymous_0)
FN:19,(anonymous_1)
FN:27,(anonymous_2)
FNF:3
FNH:0
FNDA:0,(anonymous_0)
FNDA:0,(anonymous_1)
FNDA:0,(anonymous_2)
DA:2,0
DA:6,0
DA:9,0
DA:10,0
DA:11,0
DA:12,0
DA:13,0
DA:14,0
DA:15,0
DA:20,0
DA:21,0
DA:22,0
DA:23,0
DA:28,0
DA:29,0
DA:30,0
DA:31,0
DA:32,0
DA:33,0
LF:19
LH:0
BRDA:10,0,0,0
BRDA:10,0,1,0
BRDA:11,1,0,0
BRDA:11,1,1,0
BRF:4
BRH:0
end_of_record
TN:
SF:src/modules/audit/audit.routes.ts
FNF:0
FNH:0
DA:1,0
DA:2,0
DA:3,0
DA:4,0
DA:6,0
DA:7,0
DA:9,0
DA:10,0
DA:11,0
DA:13,0
LF:10
LH:0
BRF:0
BRH:0
end_of_record
TN:
SF:src/modules/audit/audit.service.ts
FN:9,(anonymous_0)
FN:24,(anonymous_1)
FN:33,(anonymous_2)
FN:37,(anonymous_3)
FNF:4
FNH:0
FNDA:0,(anonymous_0)
FNDA:0,(anonymous_1)
FNDA:0,(anonymous_2)
FNDA:0,(anonymous_3)
DA:1,0
DA:4,0
DA:10,0
DA:11,0
DA:13,0
DA:18,0
DA:25,0
DA:26,0
DA:27,0
DA:34,0
DA:36,0
DA:37,0
DA:38,0
DA:41,0
LF:14
LH:0
BRDA:11,0,0,0
BRDA:11,0,1,0
BRDA:26,1,0,0
BRDA:38,2,0,0
BRDA:38,2,1,0
BRDA:38,3,0,0
BRDA:38,3,1,0
BRDA:38,4,0,0
BRDA:38,4,1,0
BRF:9
BRH:0
end_of_record
TN:
SF:src/modules/auth/auth.controller.ts
FN:12,(anonymous_0)
FN:30,(anonymous_1)
FN:48,(anonymous_2)
FN:65,(anonymous_3)
FNF:4
FNH:0
FNDA:0,(anonymous_0)
FNDA:0,(anonymous_1)
FNDA:0,(anonymous_2)
FNDA:0,(anonymous_3)
DA:2,0
DA:3,0
DA:7,0
DA:13,0
DA:14,0
DA:15,0
DA:16,0
DA:17,0
DA:19,0
DA:20,0
DA:22,0
DA:31,0
DA:32,0
DA:33,0
DA:34,0
DA:35,0
DA:37,0
DA:38,0
DA:40,0
DA:49,0
DA:50,0
DA:51,0
DA:52,0
DA:54,0
DA:55,0
DA:57,0
DA:66,0
DA:67,0
DA:68,0
DA:69,0
DA:71,0
DA:73,0
LF:32
LH:0
BRDA:15,0,0,0
BRDA:33,1,0,0
BRDA:50,2,0,0
BRDA:67,3,0,0
BRF:4
BRH:0
end_of_record
TN:
SF:src/modules/auth/auth.dto.ts
FNF:0
FNH:0
DA:1,0
DA:4,0
DA:10,0
LF:3
LH:0
BRF:0
BRH:0
end_of_record
TN:
SF:src/modules/auth/auth.routes.ts
FNF:0
FNH:0
DA:1,0
DA:2,0
DA:3,0
DA:5,0
DA:26,0
DA:35,0
DA:46,0
DA:57,0
DA:59,0
LF:9
LH:0
BRF:0
BRH:0
end_of_record
TN:
SF:src/modules/auth/auth.service.ts
FN:14,generateAccessToken
FN:23,generateRefreshToken
FN:35,(anonymous_3)
FN:59,(anonymous_4)
FN:82,(anonymous_5)
FN:89,(anonymous_6)
FNF:6
FNH:0
FNDA:0,generateAccessToken
FNDA:0,generateRefreshToken
FNDA:0,(anonymous_3)
FNDA:0,(anonymous_4)
FNDA:0,(anonymous_5)
FNDA:0,(anonymous_6)
DA:1,0
DA:2,0
DA:3,0
DA:4,0
DA:7,0
DA:8,0
DA:9,0
DA:15,0
DA:16,0
DA:17,0
DA:24,0
DA:25,0
DA:26,0
DA:30,0
DA:36,0
DA:37,0
DA:38,0
DA:41,0
DA:42,0
DA:43,0
DA:46,0
DA:47,0
DA:48,0
DA:51,0
DA:53,0
DA:60,0
DA:61,0
DA:64,0
DA:65,0
DA:67,0
DA:70,0
DA:71,0
DA:72,0
DA:75,0
DA:76,0
DA:83,0
DA:90,0
LF:37
LH:0
BRDA:16,0,0,0
BRDA:25,1,0,0
BRDA:37,2,0,0
BRDA:37,3,0,0
BRDA:37,3,1,0
BRDA:42,4,0,0
BRDA:61,5,0,0
BRDA:71,6,0,0
BRF:8
BRH:0
end_of_record
TN:
SF:src/modules/beneficiaries/beneficiaries.controller.ts
FN:58,(anonymous_0)
FN:9,(anonymous_1)
FN:18,(anonymous_2)
FN:31,(anonymous_3)
FN:39,(anonymous_4)
FN:47,(anonymous_5)
FNF:6
FNH:0
FNDA:0,(anonymous_0)
FNDA:0,(anonymous_1)
FNDA:0,(anonymous_2)
FNDA:0,(anonymous_3)
FNDA:0,(anonymous_4)
FNDA:0,(anonymous_5)
DA:2,0
DA:3,0
DA:7,0
DA:10,0
DA:11,0
DA:12,0
DA:13,0
DA:14,0
DA:19,0
DA:20,0
DA:21,0
DA:22,0
DA:23,0
DA:25,0
DA:26,0
DA:27,0
DA:32,0
DA:33,0
DA:34,0
DA:35,0
DA:40,0
DA:41,0
DA:42,0
DA:43,0
DA:48,0
DA:50,0
DA:51,0
DA:52,0
DA:53,0
DA:58,0
LF:30
LH:0
BRDA:21,0,0,0
BRDA:50,1,0,0
BRDA:50,1,1,0
BRF:3
BRH:0
end_of_record
TN:
SF:src/modules/beneficiaries/beneficiaries.dto.ts
FNF:0
FNH:0
DA:1,0
DA:3,0
DA:16,0
DA:18,0
LF:4
LH:0
BRF:0
BRH:0
end_of_record
TN:
SF:src/modules/beneficiaries/beneficiaries.routes.ts
FNF:0
FNH:0
DA:1,0
DA:2,0
DA:3,0
DA:4,0
DA:6,0
DA:7,0
DA:9,0
DA:10,0
DA:11,0
DA:12,0
DA:13,0
DA:15,0
LF:12
LH:0
BRF:0
BRH:0
end_of_record
TN:
SF:src/modules/beneficiaries/beneficiaries.service.ts
FN:9,(anonymous_0)
FN:35,(anonymous_1)
FN:48,(anonymous_2)
FN:57,(anonymous_3)
FN:69,(anonymous_4)
FN:85,(anonymous_5)
FNF:6
FNH:0
FNDA:0,(anonymous_0)
FNDA:0,(anonymous_1)
FNDA:0,(anonymous_2)
FNDA:0,(anonymous_3)
FNDA:0,(anonymous_4)
FNDA:0,(anonymous_5)
DA:1,0
DA:5,0
DA:10,0
DA:11,0
DA:13,0
DA:24,0
DA:29,0
DA:36,0
DA:39,0
DA:40,0
DA:42,0
DA:49,0
DA:50,0
DA:51,0
DA:58,0
DA:59,0
DA:61,0
DA:62,0
DA:63,0
DA:65,0
DA:69,0
DA:70,0
DA:72,0
DA:86,0
DA:87,0
LF:25
LH:0
BRDA:14,0,0,0
BRDA:14,0,1,0
BRDA:15,1,0,0
BRDA:15,1,1,0
BRDA:39,2,0,0
BRDA:50,3,0,0
BRDA:59,4,0,0
BRF:7
BRH:0
end_of_record
TN:
SF:src/modules/dealers/dealers.controller.ts
FN:12,(anonymous_0)
FN:24,(anonymous_1)
FN:40,(anonymous_2)
FN:51,(anonymous_3)
FN:67,(anonymous_4)
FN:78,(anonymous_5)
FN:89,(anonymous_6)
FNF:7
FNH:0
FNDA:0,(anonymous_0)
FNDA:0,(anonymous_1)
FNDA:0,(anonymous_2)
FNDA:0,(anonymous_3)
FNDA:0,(anonymous_4)
FNDA:0,(anonymous_5)
FNDA:0,(anonymous_6)
DA:2,0
DA:3,0
DA:7,0
DA:13,0
DA:14,0
DA:15,0
DA:16,0
DA:17,0
DA:25,0
DA:26,0
DA:27,0
DA:28,0
DA:29,0
DA:31,0
DA:32,0
DA:33,0
DA:41,0
DA:42,0
DA:43,0
DA:44,0
DA:52,0
DA:53,0
DA:54,0
DA:55,0
DA:56,0
DA:58,0
DA:59,0
DA:60,0
DA:68,0
DA:69,0
DA:70,0
DA:71,0
DA:79,0
DA:80,0
DA:81,0
DA:82,0
DA:90,0
DA:91,0
DA:92,0
DA:93,0
DA:94,0
LF:41
LH:0
BRDA:27,0,0,0
BRDA:54,1,0,0
BRF:2
BRH:0
end_of_record
TN:
SF:src/modules/dealers/dealers.dto.ts
FNF:0
FNH:0
DA:1,0
DA:4,0
DA:15,0
DA:18,0
LF:4
LH:0
BRF:0
BRH:0
end_of_record
TN:
SF:src/modules/dealers/dealers.routes.ts
FNF:0
FNH:0
DA:1,0
DA:2,0
DA:3,0
DA:4,0
DA:6,0
DA:8,0
DA:10,0
DA:11,0
DA:12,0
DA:13,0
DA:14,0
DA:15,0
DA:16,0
DA:18,0
LF:14
LH:0
BRF:0
BRH:0
end_of_record
TN:
SF:src/modules/dealers/dealers.service.ts
FN:9,(anonymous_0)
FN:35,(anonymous_1)
FN:46,(anonymous_2)
FN:57,(anonymous_3)
FN:65,(anonymous_4)
FN:79,(anonymous_5)
FN:90,(anonymous_6)
FNF:7
FNH:0
FNDA:0,(anonymous_0)
FNDA:0,(anonymous_1)
FNDA:0,(anonymous_2)
FNDA:0,(anonymous_3)
FNDA:0,(anonymous_4)
FNDA:0,(anonymous_5)
FNDA:0,(anonymous_6)
DA:1,0
DA:5,0
DA:10,0
DA:11,0
DA:13,0
DA:24,0
DA:29,0
DA:36,0
DA:37,0
DA:38,0
DA:40,0
DA:47,0
DA:48,0
DA:49,0
DA:51,0
DA:58,0
DA:59,0
DA:66,0
DA:67,0
DA:68,0
DA:70,0
DA:80,0
DA:81,0
DA:82,0
DA:84,0
DA:91,0
DA:92,0
DA:94,0
DA:104,0
LF:29
LH:0
BRDA:14,0,0,0
BRDA:14,0,1,0
BRDA:15,1,0,0
BRDA:15,1,1,0
BRDA:37,2,0,0
BRDA:48,3,0,0
BRDA:67,4,0,0
BRDA:81,5,0,0
BRF:8
BRH:0
end_of_record
TN:
SF:src/modules/distribution/distribution.controller.ts
FN:9,(anonymous_0)
FN:23,(anonymous_1)
FN:36,(anonymous_2)
FN:49,(anonymous_3)
FN:65,(anonymous_4)
FN:71,(anonymous_5)
FN:83,(anonymous_6)
FNF:7
FNH:0
FNDA:0,(anonymous_0)
FNDA:0,(anonymous_1)
FNDA:0,(anonymous_2)
FNDA:0,(anonymous_3)
FNDA:0,(anonymous_4)
FNDA:0,(anonymous_5)
FNDA:0,(anonymous_6)
DA:2,0
DA:3,0
DA:7,0
DA:10,0
DA:11,0
DA:12,0
DA:13,0
DA:14,0
DA:16,0
DA:17,0
DA:18,0
DA:19,0
DA:24,0
DA:25,0
DA:26,0
DA:27,0
DA:28,0
DA:30,0
DA:31,0
DA:32,0
DA:37,0
DA:38,0
DA:39,0
DA:40,0
DA:41,0
DA:43,0
DA:44,0
DA:45,0
DA:50,0
DA:51,0
DA:52,0
DA:53,0
DA:54,0
DA:56,0
DA:57,0
DA:58,0
DA:66,0
DA:67,0
DA:68,0
DA:69,0
DA:71,0
DA:72,0
DA:73,0
DA:74,0
DA:76,0
DA:80,0
DA:81,0
DA:83,0
DA:84,0
DA:85,0
LF:50
LH:0
BRDA:12,0,0,0
BRDA:26,1,0,0
BRDA:39,2,0,0
BRDA:52,3,0,0
BRF:4
BRH:0
end_of_record
TN:
SF:src/modules/distribution/distribution.dto.ts
FNF:0
FNH:0
DA:1,0
DA:3,0
DA:9,0
DA:19,0
DA:26,0
LF:5
LH:0
BRF:0
BRH:0
end_of_record
TN:
SF:src/modules/distribution/distribution.routes.ts
FNF:0
FNH:0
DA:1,0
DA:2,0
DA:3,0
DA:4,0
DA:6,0
DA:7,0
DA:9,0
DA:10,0
DA:11,0
DA:12,0
DA:13,0
DA:15,0
LF:12
LH:0
BRF:0
BRH:0
end_of_record
TN:
SF:src/modules/distribution/distribution.service.ts
FN:12,generateTxnId
FN:20,checkDuplicateToday
FN:41,checkMonthlyQuota
FN:53,(anonymous_3)
FN:63,(anonymous_4)
FN:89,(anonymous_5)
FN:151,(anonymous_6)
FN:171,(anonymous_7)
FN:234,(anonymous_8)
FNF:9
FNH:6
FNDA:3,generateTxnId
FNDA:7,checkDuplicateToday
FNDA:5,checkMonthlyQuota
FNDA:1,(anonymous_3)
FNDA:0,(anonymous_4)
FNDA:6,(anonymous_5)
FNDA:0,(anonymous_6)
FNDA:1,(anonymous_7)
FNDA:0,(anonymous_8)
DA:1,1
DA:3,1
DA:6,1
DA:7,1
DA:13,3
DA:21,7
DA:22,7
DA:23,7
DA:24,7
DA:26,7
DA:34,7
DA:42,5
DA:43,5
DA:44,5
DA:46,5
DA:47,5
DA:49,5
DA:53,5
DA:54,5
DA:58,1
DA:64,0
DA:65,0
DA:66,0
DA:70,0
DA:71,0
DA:72,0
DA:76,0
DA:77,0
DA:78,0
DA:79,0
DA:81,0
DA:91,6
DA:92,6
DA:94,1
DA:102,1
DA:109,5
DA:110,5
DA:111,1
DA:118,4
DA:119,4
DA:120,4
DA:121,1
DA:123,3
DA:124,1
DA:128,3
DA:129,3
DA:144,3
DA:152,0
DA:153,0
DA:172,1
DA:174,1
DA:175,1
DA:177,1
DA:178,1
DA:180,1
DA:188,1
DA:189,1
DA:192,0
DA:193,0
DA:194,0
DA:202,0
DA:203,0
DA:206,0
DA:207,0
DA:222,0
DA:224,0
DA:228,1
DA:235,0
LF:68
LH:45
BRDA:34,0,0,2
BRDA:34,0,1,5
BRDA:47,1,0,0
BRDA:65,2,0,0
BRDA:65,3,0,0
BRDA:65,3,1,0
BRDA:71,4,0,0
BRDA:76,5,0,0
BRDA:76,5,1,0
BRDA:78,6,0,0
BRDA:78,6,1,0
BRDA:92,7,0,1
BRDA:110,8,0,1
BRDA:119,9,0,4
BRDA:119,10,0,4
BRDA:119,10,1,4
BRDA:120,11,0,1
BRDA:123,12,0,1
BRDA:178,13,0,1
BRDA:193,14,0,0
BRF:20
BRH:10
end_of_record
TN:
SF:src/modules/notifications/notifications.controller.ts
FN:8,(anonymous_0)
FN:21,(anonymous_1)
FN:31,(anonymous_2)
FNF:3
FNH:0
FNDA:0,(anonymous_0)
FNDA:0,(anonymous_1)
FNDA:0,(anonymous_2)
DA:2,0
DA:6,0
DA:9,0
DA:10,0
DA:11,0
DA:12,0
DA:13,0
DA:15,0
DA:16,0
DA:17,0
DA:22,0
DA:23,0
DA:24,0
DA:25,0
DA:26,0
DA:27,0
DA:32,0
DA:33,0
DA:34,0
DA:35,0
LF:20
LH:0
BRDA:11,0,0,0
BRDA:11,1,0,0
BRDA:11,1,1,0
BRDA:11,1,2,0
BRDA:23,2,0,0
BRDA:23,2,1,0
BRDA:24,3,0,0
BRDA:24,3,1,0
BRF:8
BRH:0
end_of_record
TN:
SF:src/modules/notifications/notifications.routes.ts
FNF:0
FNH:0
DA:1,0
DA:2,0
DA:3,0
DA:4,0
DA:6,0
DA:7,0
DA:9,0
DA:10,0
DA:11,0
DA:13,0
LF:10
LH:0
BRF:0
BRH:0
end_of_record
TN:
SF:src/modules/notifications/notifications.service.ts
FN:10,(anonymous_0)
FN:24,(anonymous_1)
FN:36,(anonymous_2)
FNF:3
FNH:0
FNDA:0,(anonymous_0)
FNDA:0,(anonymous_1)
FNDA:0,(anonymous_2)
DA:1,0
DA:2,0
DA:5,0
DA:11,0
DA:14,0
DA:16,0
DA:25,0
DA:26,0
DA:30,0
DA:37,0
DA:38,0
DA:40,0
DA:46,0
DA:47,0
DA:48,0
DA:50,0
DA:51,0
DA:53,0
DA:54,0
DA:57,0
LF:20
LH:0
BRDA:47,0,0,0
BRDA:50,1,0,0
BRDA:53,2,0,0
BRF:3
BRH:0
end_of_record
